[INFO] [2024-11-24 09:20:43,999] [DBTune-job_ddpg_26] Start new DBTune task
[INFO] [2024-11-24 09:20:44,999] [DDPG_Optimizer] Load state mean and var.
[INFO] [2024-11-24 09:20:48,207] [DDPG] Finish Initializing Networks
[INFO] [2024-11-24 09:20:48,216] [DDPG] DDPG Initialzed!
[INFO] [2024-11-24 09:20:48,232] [autotune] [step 1] generate knobs: {'host_cache_size': 0, 'innodb_adaptive_hash_index_parts': 8, 'innodb_api_bk_commit_interval': 5, 'innodb_commit_concurrency': 0, 'innodb_compression_failure_threshold_pct': 5, 'innodb_max_undo_log_size': 1073741000, 'innodb_old_blocks_time': 1000, 'innodb_online_alter_log_max_size': 134217000, 'innodb_open_files': 2000, 'innodb_stats_method': 'nulls_equal', 'innodb_stats_persistent': 'ON', 'innodb_stats_transient_sample_pages': 8, 'innodb_thread_concurrency': 0, 'max_binlog_cache_size': 18446744073709500000, 'max_delayed_threads': 20, 'max_heap_table_size': 16777216, 'max_length_for_sort_data': 1024, 'max_sort_length': 1024, 'optimizer_prune_level': 1, 'query_alloc_block_size': 8192, 'query_cache_min_res_unit': 4096, 'range_alloc_block_size': 4096, 'read_rnd_buffer_size': 262144, 'stored_program_cache': 256, 'table_open_cache': 2000, 'tmp_table_size': 16777216}

[INFO] [2024-11-24 09:20:53,365] [autotune] Close db successfully
[INFO] [2024-11-24 09:20:53,366] [autotune] mysql is shut down
[INFO] [2024-11-24 09:20:53,370] [autotune] generated config file done
[INFO] [2024-11-24 09:20:53,434] [autotune] wait for connection
[INFO] [2024-11-24 09:20:55,445] [autotune] Connected to MySQL db
[INFO] [2024-11-24 09:20:55,446] [autotune] finish 2 seconds waiting for connection
[INFO] [2024-11-24 09:20:55,446] [autotune] /usr/sbin/mysqld --defaults-file=scripts/template/experiment_normandy.cnf
[INFO] [2024-11-24 09:20:55,446] [autotune] mysql is up
[INFO] [2024-11-24 09:20:55,446] [autotune] sleeping for 5 seconds after restarting mysql
[INFO] [2024-11-24 09:21:00,924] [autotune] [DBG]. bash /root/OpAdviserPrivate/autotune/cli/run_job_mysql.sh /root/OpAdviserPrivate/autotune/cli/selectedList_job.txt /root/OpAdviserPrivate/autotune/job_query/queries-mysql-new ./log/1732440060.log /var/run/mysqld/mysqld.sock
[INFO] [2024-11-24 09:24:12,323] [autotune] internal metrics: [3773387.8857142855, 13548640.885714285, 1987821099.8857143, 0.0, 0.0, 121343.4, 0.0, 3857219584.0, 0.0, 235426.0, 0.0, 410929.3714285714, 8964.628571428571, 655320.0, 4517.857142857143, 0.0, 66176385.942857146, 116813.71428571429, 10737418240.0, 0.0, 0.0, 0.0, 0.0, 0.0, 42.0, 0.0, 0.0, 0.0, 0.0, 0.0, 0.0, 0.0, 0.0, 0.0, 0.0, 0.0, 16384.0, 0.0, 485608.2, 0.0, 0.0, 0.0, 0.0, 0.0, 3016139.8285714285, 0.0, 0.0, 0.0, 0.0, 0.0, 0.0, 0.0, 0.0, 0.0, 0.0, 0.0, 0.0, 0.0, 121336.17142857143, 0.0, 0.0, 0.0, 0.0, 0.0, 0.0].
[INFO] [2024-11-24 09:24:12,327] [DDPG_Optimizer] New Episode-1, initialize
[INFO] [2024-11-24 09:24:12,347] [DBTune-job_ddpg_26] Iteration 1, objective value: [-35.68421052631579].
[INFO] [2024-11-24 09:24:12,451] [autotune] innodb_max_undo_log_size with value of is smaller than min, adjusted
[INFO] [2024-11-24 09:24:12,457] [autotune] innodb_online_alter_log_max_size with value of is smaller than min, adjusted
[INFO] [2024-11-24 09:24:12,457] [autotune] max_binlog_cache_size with value of is smaller than min, adjusted
[INFO] [2024-11-24 09:24:12,464] [autotune] [step 2] generate knobs: {'host_cache_size': 0, 'innodb_adaptive_hash_index_parts': 1, 'innodb_api_bk_commit_interval': 1, 'innodb_commit_concurrency': 0, 'innodb_compression_failure_threshold_pct': 0, 'innodb_max_undo_log_size': 10485760, 'innodb_old_blocks_time': 0, 'innodb_online_alter_log_max_size': 65536, 'innodb_open_files': 10, 'innodb_stats_method': 'nulls_equal', 'innodb_stats_persistent': 'ON', 'innodb_stats_transient_sample_pages': 1, 'innodb_thread_concurrency': 0, 'max_binlog_cache_size': 4096, 'max_delayed_threads': 0, 'max_heap_table_size': 16384, 'max_length_for_sort_data': 4, 'max_sort_length': 4, 'optimizer_prune_level': 0, 'query_alloc_block_size': 1024, 'query_cache_min_res_unit': 512, 'range_alloc_block_size': 4096, 'read_rnd_buffer_size': 1, 'stored_program_cache': 16, 'table_open_cache': 1, 'tmp_table_size': 1024}

[INFO] [2024-11-24 09:24:17,730] [autotune] Close db successfully
[INFO] [2024-11-24 09:24:17,731] [autotune] mysql is shut down
[INFO] [2024-11-24 09:24:17,733] [autotune] generated config file done
[INFO] [2024-11-24 09:24:17,777] [autotune] wait for connection
[INFO] [2024-11-24 09:24:19,789] [autotune] Connected to MySQL db
[INFO] [2024-11-24 09:24:19,790] [autotune] finish 2 seconds waiting for connection
[INFO] [2024-11-24 09:24:19,790] [autotune] /usr/sbin/mysqld --defaults-file=scripts/template/experiment_normandy.cnf
[INFO] [2024-11-24 09:24:19,791] [autotune] mysql is up
[INFO] [2024-11-24 09:24:19,791] [autotune] sleeping for 5 seconds after restarting mysql
[INFO] [2024-11-24 09:24:25,320] [autotune] [DBG]. bash /root/OpAdviserPrivate/autotune/cli/run_job_mysql.sh /root/OpAdviserPrivate/autotune/cli/selectedList_job.txt /root/OpAdviserPrivate/autotune/job_query/queries-mysql-new ./log/1732440265.log /var/run/mysqld/mysqld.sock
[INFO] [2024-11-24 09:27:37,852] [autotune] internal metrics: [4914193.142857143, 15706324.771428572, 2202012408.6857142, 2196392.2285714285, 1.9714285714285715, 134413.9714285714, 134.05714285714285, 3822903530.0571427, 49152.0, 233331.51428571428, 3.0, 411916.0, 10072.514285714286, 655320.0, 5029.771428571428, 0.0, 78609365.82857142, 129363.17142857143, 10737418240.0, 0.0, 1206.5142857142857, 0.0, 5250.571428571428, 0.0, 10.0, 0.0, 0.0, 0.0, 0.0, 0.0, 0.0, 0.0, 0.0, 126.17142857142858, 0.0, 0.0, 16384.0, 0.0, 552111.7142857143, 0.0, 0.0, 0.0, 0.0, 0.0, 2989239.685714286, 0.0, 0.0, 0.0, 0.0, 0.0, 0.0, 0.0, 0.0, 0.0, 0.0, 0.0, 0.0, 0.0, 134408.7142857143, 134.05714285714285, 0.0, 0.0, 0.0, 0.0, 0.0].
[INFO] [2024-11-24 09:27:38,054] [DBTune-job_ddpg_26] Iteration 2, objective value: [-35.68421052631579].
[INFO] [2024-11-24 09:27:38,105] [autotune] innodb_max_undo_log_size with value of is smaller than min, adjusted
[INFO] [2024-11-24 09:27:38,105] [autotune] innodb_online_alter_log_max_size with value of is smaller than min, adjusted
[INFO] [2024-11-24 09:27:38,106] [autotune] max_binlog_cache_size with value of is smaller than min, adjusted
[INFO] [2024-11-24 09:27:38,106] [autotune] [step 3] generate knobs: {'host_cache_size': 0, 'innodb_adaptive_hash_index_parts': 1, 'innodb_api_bk_commit_interval': 1, 'innodb_commit_concurrency': 0, 'innodb_compression_failure_threshold_pct': 0, 'innodb_max_undo_log_size': 10485760, 'innodb_old_blocks_time': 0, 'innodb_online_alter_log_max_size': 65536, 'innodb_open_files': 10, 'innodb_stats_method': 'nulls_equal', 'innodb_stats_persistent': 'ON', 'innodb_stats_transient_sample_pages': 1, 'innodb_thread_concurrency': 0, 'max_binlog_cache_size': 4096, 'max_delayed_threads': 0, 'max_heap_table_size': 16384, 'max_length_for_sort_data': 4, 'max_sort_length': 4, 'optimizer_prune_level': 0, 'query_alloc_block_size': 1024, 'query_cache_min_res_unit': 512, 'range_alloc_block_size': 4096, 'read_rnd_buffer_size': 1, 'stored_program_cache': 16, 'table_open_cache': 1, 'tmp_table_size': 1024}

[INFO] [2024-11-24 09:27:43,430] [autotune] Close db successfully
[INFO] [2024-11-24 09:27:43,435] [autotune] mysql is shut down
[INFO] [2024-11-24 09:27:43,439] [autotune] generated config file done
[INFO] [2024-11-24 09:27:43,493] [autotune] wait for connection
[INFO] [2024-11-24 09:27:45,504] [autotune] Connected to MySQL db
[INFO] [2024-11-24 09:27:45,505] [autotune] finish 2 seconds waiting for connection
[INFO] [2024-11-24 09:27:45,505] [autotune] /usr/sbin/mysqld --defaults-file=scripts/template/experiment_normandy.cnf
[INFO] [2024-11-24 09:27:45,505] [autotune] mysql is up
[INFO] [2024-11-24 09:27:45,506] [autotune] sleeping for 5 seconds after restarting mysql
[INFO] [2024-11-24 09:27:51,254] [autotune] [DBG]. bash /root/OpAdviserPrivate/autotune/cli/run_job_mysql.sh /root/OpAdviserPrivate/autotune/cli/selectedList_job.txt /root/OpAdviserPrivate/autotune/job_query/queries-mysql-new ./log/1732440471.log /var/run/mysqld/mysqld.sock
[INFO] [2024-11-24 09:31:03,564] [autotune] internal metrics: [4887746.428571428, 15383962.685714286, 2185840932.571429, 2196392.2285714285, 1.9714285714285715, 133422.34285714285, 134.05714285714285, 3727447069.257143, 49152.0, 227505.3142857143, 3.0, 418005.6, 9769.085714285715, 655280.0, 4997.571428571428, 0.0, 77243235.48571429, 128410.97142857143, 10737418240.0, 0.0, 1206.5142857142857, 0.0, 5250.571428571428, 0.0, 10.0, 0.0, 0.0, 0.0, 0.0, 0.0, 0.0, 0.0, 0.0, 101.2, 0.0, 0.0, 16384.0, 0.0, 545251.1428571428, 0.0, 0.0, 0.0, 0.0, 0.0, 2901366.5428571426, 0.0, 0.0, 0.0, 0.0, 0.0, 0.0, 0.0, 0.0, 0.0, 0.0, 0.0, 0.0, 0.0, 133420.37142857144, 134.05714285714285, 0.0, 0.0, 0.0, 0.0, 0.0].
[WARNING] [2024-11-24 09:31:03,581] [HistoryContainer] Repeated configuration detected!
[INFO] [2024-11-24 09:31:03,800] [DBTune-job_ddpg_26] Iteration 3, objective value: [-35.68421052631579].
[INFO] [2024-11-24 09:31:03,892] [autotune] innodb_max_undo_log_size with value of is smaller than min, adjusted
[INFO] [2024-11-24 09:31:03,893] [autotune] innodb_online_alter_log_max_size with value of is smaller than min, adjusted
[INFO] [2024-11-24 09:31:03,894] [autotune] max_binlog_cache_size with value of is smaller than min, adjusted
[INFO] [2024-11-24 09:31:03,894] [autotune] [step 4] generate knobs: {'host_cache_size': 0, 'innodb_adaptive_hash_index_parts': 1, 'innodb_api_bk_commit_interval': 1, 'innodb_commit_concurrency': 0, 'innodb_compression_failure_threshold_pct': 0, 'innodb_max_undo_log_size': 10485760, 'innodb_old_blocks_time': 0, 'innodb_online_alter_log_max_size': 65536, 'innodb_open_files': 10, 'innodb_stats_method': 'nulls_equal', 'innodb_stats_persistent': 'ON', 'innodb_stats_transient_sample_pages': 1, 'innodb_thread_concurrency': 0, 'max_binlog_cache_size': 4096, 'max_delayed_threads': 0, 'max_heap_table_size': 16384, 'max_length_for_sort_data': 4, 'max_sort_length': 4, 'optimizer_prune_level': 0, 'query_alloc_block_size': 1024, 'query_cache_min_res_unit': 512, 'range_alloc_block_size': 4096, 'read_rnd_buffer_size': 1, 'stored_program_cache': 16, 'table_open_cache': 1, 'tmp_table_size': 1024}

[INFO] [2024-11-24 09:31:09,089] [autotune] Close db successfully
[INFO] [2024-11-24 09:31:09,090] [autotune] mysql is shut down
[INFO] [2024-11-24 09:31:09,097] [autotune] generated config file done
[INFO] [2024-11-24 09:31:09,144] [autotune] wait for connection
[INFO] [2024-11-24 09:31:11,156] [autotune] Connected to MySQL db
[INFO] [2024-11-24 09:31:11,156] [autotune] finish 2 seconds waiting for connection
[INFO] [2024-11-24 09:31:11,156] [autotune] /usr/sbin/mysqld --defaults-file=scripts/template/experiment_normandy.cnf
[INFO] [2024-11-24 09:31:11,157] [autotune] mysql is up
[INFO] [2024-11-24 09:31:11,157] [autotune] sleeping for 5 seconds after restarting mysql
[INFO] [2024-11-24 09:31:16,998] [autotune] [DBG]. bash /root/OpAdviserPrivate/autotune/cli/run_job_mysql.sh /root/OpAdviserPrivate/autotune/cli/selectedList_job.txt /root/OpAdviserPrivate/autotune/job_query/queries-mysql-new ./log/1732440676.log /var/run/mysqld/mysqld.sock
[INFO] [2024-11-24 09:34:28,504] [autotune] internal metrics: [4724075.8, 15404044.314285714, 2137208071.3142858, 2196392.2285714285, 1.9714285714285715, 130459.94285714286, 134.05714285714285, 3815491876.571429, 49152.0, 232879.14285714287, 3.0, 412550.85714285716, 9849.971428571429, 655280.0, 4755.742857142857, 0.0, 76918794.85714285, 125702.88571428572, 10737418240.0, 0.0, 1206.5142857142857, 0.0, 5250.571428571428, 0.0, 10.0, 0.0, 0.0, 0.0, 0.0, 0.0, 0.0, 0.0, 0.0, 102.51428571428572, 0.0, 0.0, 16384.0, 0.0, 536559.7714285714, 0.0, 0.0, 0.0, 0.0, 0.0, 3029134.8285714285, 0.0, 0.0, 0.0, 0.0, 0.0, 0.0, 0.0, 0.0, 0.0, 0.0, 0.0, 0.0, 0.0, 130456.0, 134.05714285714285, 0.0, 0.0, 0.0, 0.0, 0.0].
[WARNING] [2024-11-24 09:34:28,506] [HistoryContainer] Repeated configuration detected!
[INFO] [2024-11-24 09:34:28,675] [DBTune-job_ddpg_26] Iteration 4, objective value: [-35.68421052631579].
[INFO] [2024-11-24 09:34:28,761] [autotune] innodb_max_undo_log_size with value of is smaller than min, adjusted
[INFO] [2024-11-24 09:34:28,767] [autotune] innodb_online_alter_log_max_size with value of is smaller than min, adjusted
[INFO] [2024-11-24 09:34:28,767] [autotune] max_binlog_cache_size with value of is smaller than min, adjusted
[INFO] [2024-11-24 09:34:28,768] [autotune] [step 5] generate knobs: {'host_cache_size': 0, 'innodb_adaptive_hash_index_parts': 1, 'innodb_api_bk_commit_interval': 1, 'innodb_commit_concurrency': 0, 'innodb_compression_failure_threshold_pct': 0, 'innodb_max_undo_log_size': 10485760, 'innodb_old_blocks_time': 0, 'innodb_online_alter_log_max_size': 65536, 'innodb_open_files': 10, 'innodb_stats_method': 'nulls_equal', 'innodb_stats_persistent': 'ON', 'innodb_stats_transient_sample_pages': 1, 'innodb_thread_concurrency': 0, 'max_binlog_cache_size': 4096, 'max_delayed_threads': 0, 'max_heap_table_size': 16384, 'max_length_for_sort_data': 4, 'max_sort_length': 4, 'optimizer_prune_level': 0, 'query_alloc_block_size': 1024, 'query_cache_min_res_unit': 512, 'range_alloc_block_size': 4096, 'read_rnd_buffer_size': 1, 'stored_program_cache': 16, 'table_open_cache': 1, 'tmp_table_size': 1024}

[INFO] [2024-11-24 09:34:34,003] [autotune] Close db successfully
[INFO] [2024-11-24 09:34:34,004] [autotune] mysql is shut down
[INFO] [2024-11-24 09:34:34,007] [autotune] generated config file done
[INFO] [2024-11-24 09:34:34,045] [autotune] wait for connection
[INFO] [2024-11-24 09:34:36,058] [autotune] Connected to MySQL db
[INFO] [2024-11-24 09:34:36,059] [autotune] finish 2 seconds waiting for connection
[INFO] [2024-11-24 09:34:36,059] [autotune] /usr/sbin/mysqld --defaults-file=scripts/template/experiment_normandy.cnf
[INFO] [2024-11-24 09:34:36,059] [autotune] mysql is up
[INFO] [2024-11-24 09:34:36,059] [autotune] sleeping for 5 seconds after restarting mysql
[INFO] [2024-11-24 09:34:41,785] [autotune] [DBG]. bash /root/OpAdviserPrivate/autotune/cli/run_job_mysql.sh /root/OpAdviserPrivate/autotune/cli/selectedList_job.txt /root/OpAdviserPrivate/autotune/job_query/queries-mysql-new ./log/1732440881.log /var/run/mysqld/mysqld.sock
[INFO] [2024-11-24 09:37:53,800] [autotune] internal metrics: [4626865.971428571, 15108757.82857143, 2174697472.0, 2196392.2285714285, 1.9714285714285715, 132744.17142857143, 134.05714285714285, 3652865228.8, 49152.0, 222953.2, 3.0, 423188.28571428574, 9138.42857142857, 655280.0, 4931.2, 0.0, 75382226.62857144, 127810.34285714285, 10737418240.0, 0.0, 1206.5142857142857, 0.0, 5250.571428571428, 0.0, 10.0, 0.0, 0.0, 0.0, 0.0, 0.0, 0.0, 0.0, 0.0, 109.74285714285715, 0.0, 0.0, 16384.0, 0.0, 525287.1428571428, 0.0, 0.0, 0.0, 0.0, 0.0, 3024953.4285714286, 0.0, 0.0, 0.0, 0.0, 0.0, 0.0, 0.0, 0.0, 0.0, 0.0, 0.0, 0.0, 0.0, 132740.88571428572, 134.05714285714285, 0.0, 0.0, 0.0, 0.0, 0.0].
[WARNING] [2024-11-24 09:37:53,844] [HistoryContainer] Repeated configuration detected!
[INFO] [2024-11-24 09:37:54,038] [DBTune-job_ddpg_26] Iteration 5, objective value: [-35.68421052631579].
[INFO] [2024-11-24 09:37:54,095] [autotune] innodb_max_undo_log_size with value of is smaller than min, adjusted
[INFO] [2024-11-24 09:37:54,099] [autotune] innodb_online_alter_log_max_size with value of is smaller than min, adjusted
[INFO] [2024-11-24 09:37:54,099] [autotune] max_binlog_cache_size with value of is smaller than min, adjusted
[INFO] [2024-11-24 09:37:54,102] [autotune] [step 6] generate knobs: {'host_cache_size': 0, 'innodb_adaptive_hash_index_parts': 1, 'innodb_api_bk_commit_interval': 1, 'innodb_commit_concurrency': 0, 'innodb_compression_failure_threshold_pct': 0, 'innodb_max_undo_log_size': 10485760, 'innodb_old_blocks_time': 0, 'innodb_online_alter_log_max_size': 65536, 'innodb_open_files': 10, 'innodb_stats_method': 'nulls_equal', 'innodb_stats_persistent': 'ON', 'innodb_stats_transient_sample_pages': 1, 'innodb_thread_concurrency': 0, 'max_binlog_cache_size': 4096, 'max_delayed_threads': 0, 'max_heap_table_size': 16384, 'max_length_for_sort_data': 4, 'max_sort_length': 4, 'optimizer_prune_level': 0, 'query_alloc_block_size': 1024, 'query_cache_min_res_unit': 512, 'range_alloc_block_size': 4096, 'read_rnd_buffer_size': 1, 'stored_program_cache': 16, 'table_open_cache': 1, 'tmp_table_size': 1024}

[INFO] [2024-11-24 09:37:59,381] [autotune] Close db successfully
[INFO] [2024-11-24 09:37:59,384] [autotune] mysql is shut down
[INFO] [2024-11-24 09:37:59,387] [autotune] generated config file done
[INFO] [2024-11-24 09:37:59,442] [autotune] wait for connection
[INFO] [2024-11-24 09:38:01,450] [autotune] Connected to MySQL db
[INFO] [2024-11-24 09:38:01,450] [autotune] finish 2 seconds waiting for connection
[INFO] [2024-11-24 09:38:01,450] [autotune] /usr/sbin/mysqld --defaults-file=scripts/template/experiment_normandy.cnf
[INFO] [2024-11-24 09:38:01,451] [autotune] mysql is up
[INFO] [2024-11-24 09:38:01,451] [autotune] sleeping for 5 seconds after restarting mysql
[INFO] [2024-11-24 09:38:07,221] [autotune] [DBG]. bash /root/OpAdviserPrivate/autotune/cli/run_job_mysql.sh /root/OpAdviserPrivate/autotune/cli/selectedList_job.txt /root/OpAdviserPrivate/autotune/job_query/queries-mysql-new ./log/1732441087.log /var/run/mysqld/mysqld.sock
[INFO] [2024-11-24 09:41:19,467] [autotune] internal metrics: [4892939.828571429, 15165030.942857143, 2221769172.114286, 2207158.8571428573, 1.9714285714285715, 135621.14285714287, 134.71428571428572, 3689592071.3142858, 49152.0, 225194.82857142857, 3.0, 420463.82857142854, 9621.342857142858, 655280.0, 4830.0, 0.0, 76456502.08571428, 130787.85714285714, 10737418240.0, 0.0, 1206.5142857142857, 0.0, 5250.571428571428, 0.0, 10.0, 0.0, 0.0, 0.0, 0.0, 0.0, 0.0, 0.0, 0.0, 126.17142857142858, 0.0, 0.0, 16384.0, 0.0, 546140.2571428572, 0.0, 0.0, 0.0, 0.0, 0.0, 3029818.257142857, 0.0, 0.0, 0.0, 0.0, 0.0, 0.0, 0.0, 0.0, 0.0, 0.0, 0.0, 0.0, 0.0, 135615.88571428572, 134.71428571428572, 0.0, 0.0, 0.0, 0.0, 0.0].
[WARNING] [2024-11-24 09:41:19,483] [HistoryContainer] Repeated configuration detected!
[INFO] [2024-11-24 09:41:20,938] [DDPG_Optimizer] Save model_params to job_ddpg_26_5
[INFO] [2024-11-24 09:41:20,938] [DBTune-job_ddpg_26] Iteration 6, objective value: [-35.68421052631579].
[INFO] [2024-11-24 09:41:20,997] [autotune] innodb_max_undo_log_size with value of is smaller than min, adjusted
[INFO] [2024-11-24 09:41:21,001] [autotune] innodb_online_alter_log_max_size with value of is smaller than min, adjusted
[INFO] [2024-11-24 09:41:21,001] [autotune] max_binlog_cache_size with value of is smaller than min, adjusted
[INFO] [2024-11-24 09:41:21,002] [autotune] [step 7] generate knobs: {'host_cache_size': 0, 'innodb_adaptive_hash_index_parts': 1, 'innodb_api_bk_commit_interval': 1, 'innodb_commit_concurrency': 0, 'innodb_compression_failure_threshold_pct': 0, 'innodb_max_undo_log_size': 10485760, 'innodb_old_blocks_time': 0, 'innodb_online_alter_log_max_size': 65536, 'innodb_open_files': 10, 'innodb_stats_method': 'nulls_equal', 'innodb_stats_persistent': 'ON', 'innodb_stats_transient_sample_pages': 1, 'innodb_thread_concurrency': 0, 'max_binlog_cache_size': 4096, 'max_delayed_threads': 0, 'max_heap_table_size': 16384, 'max_length_for_sort_data': 4, 'max_sort_length': 4, 'optimizer_prune_level': 0, 'query_alloc_block_size': 1024, 'query_cache_min_res_unit': 512, 'range_alloc_block_size': 4096, 'read_rnd_buffer_size': 1, 'stored_program_cache': 16, 'table_open_cache': 1, 'tmp_table_size': 1024}

[INFO] [2024-11-24 09:41:26,288] [autotune] Close db successfully
[INFO] [2024-11-24 09:41:26,288] [autotune] mysql is shut down
[INFO] [2024-11-24 09:41:26,293] [autotune] generated config file done
[INFO] [2024-11-24 09:41:26,354] [autotune] wait for connection
[INFO] [2024-11-24 09:41:28,367] [autotune] Connected to MySQL db
[INFO] [2024-11-24 09:41:28,367] [autotune] finish 2 seconds waiting for connection
[INFO] [2024-11-24 09:41:28,368] [autotune] /usr/sbin/mysqld --defaults-file=scripts/template/experiment_normandy.cnf
[INFO] [2024-11-24 09:41:28,368] [autotune] mysql is up
[INFO] [2024-11-24 09:41:28,368] [autotune] sleeping for 5 seconds after restarting mysql
[INFO] [2024-11-24 09:41:33,836] [autotune] [DBG]. bash /root/OpAdviserPrivate/autotune/cli/run_job_mysql.sh /root/OpAdviserPrivate/autotune/cli/selectedList_job.txt /root/OpAdviserPrivate/autotune/job_query/queries-mysql-new ./log/1732441293.log /var/run/mysqld/mysqld.sock
[INFO] [2024-11-24 09:44:45,930] [autotune] internal metrics: [4894423.0, 15803583.228571428, 2212423738.5142856, 2196392.2285714285, 1.9714285714285715, 135041.54285714286, 134.05714285714285, 3712242717.257143, 49152.0, 226577.2857142857, 3.0, 418923.34285714285, 9779.314285714287, 655280.0, 5101.4, 0.0, 78987600.17142858, 129938.82857142857, 10737418240.0, 0.0, 1206.5142857142857, 0.0, 5250.571428571428, 0.0, 10.0, 0.0, 0.0, 0.0, 0.0, 0.0, 0.0, 0.0, 0.0, 134.05714285714285, 0.0, 0.0, 16384.0, 0.0, 538852.5428571429, 0.0, 0.0, 0.0, 0.0, 0.0, 3018312.342857143, 0.0, 0.0, 0.0, 0.0, 0.0, 0.0, 0.0, 0.0, 0.0, 0.0, 0.0, 0.0, 0.0, 135038.25714285715, 134.05714285714285, 0.0, 0.0, 0.0, 0.0, 0.0].
[WARNING] [2024-11-24 09:44:45,932] [HistoryContainer] Repeated configuration detected!
[INFO] [2024-11-24 09:44:46,118] [DBTune-job_ddpg_26] Iteration 7, objective value: [-35.68421052631579].
[INFO] [2024-11-24 09:44:46,190] [autotune] innodb_max_undo_log_size with value of is smaller than min, adjusted
[INFO] [2024-11-24 09:44:46,191] [autotune] innodb_online_alter_log_max_size with value of is smaller than min, adjusted
[INFO] [2024-11-24 09:44:46,191] [autotune] max_binlog_cache_size with value of is smaller than min, adjusted
[INFO] [2024-11-24 09:44:46,191] [autotune] [step 8] generate knobs: {'host_cache_size': 0, 'innodb_adaptive_hash_index_parts': 1, 'innodb_api_bk_commit_interval': 1, 'innodb_commit_concurrency': 0, 'innodb_compression_failure_threshold_pct': 0, 'innodb_max_undo_log_size': 10485760, 'innodb_old_blocks_time': 0, 'innodb_online_alter_log_max_size': 65536, 'innodb_open_files': 10, 'innodb_stats_method': 'nulls_equal', 'innodb_stats_persistent': 'ON', 'innodb_stats_transient_sample_pages': 1, 'innodb_thread_concurrency': 0, 'max_binlog_cache_size': 4096, 'max_delayed_threads': 0, 'max_heap_table_size': 16384, 'max_length_for_sort_data': 4, 'max_sort_length': 4, 'optimizer_prune_level': 0, 'query_alloc_block_size': 1024, 'query_cache_min_res_unit': 512, 'range_alloc_block_size': 4096, 'read_rnd_buffer_size': 1, 'stored_program_cache': 16, 'table_open_cache': 1, 'tmp_table_size': 1024}

[INFO] [2024-11-24 09:44:51,439] [autotune] Close db successfully
[INFO] [2024-11-24 09:44:51,439] [autotune] mysql is shut down
[INFO] [2024-11-24 09:44:51,445] [autotune] generated config file done
[INFO] [2024-11-24 09:44:51,491] [autotune] wait for connection
[INFO] [2024-11-24 09:44:53,500] [autotune] Connected to MySQL db
[INFO] [2024-11-24 09:44:53,501] [autotune] finish 2 seconds waiting for connection
[INFO] [2024-11-24 09:44:53,501] [autotune] /usr/sbin/mysqld --defaults-file=scripts/template/experiment_normandy.cnf
[INFO] [2024-11-24 09:44:53,501] [autotune] mysql is up
[INFO] [2024-11-24 09:44:53,501] [autotune] sleeping for 5 seconds after restarting mysql
[INFO] [2024-11-24 09:44:59,085] [autotune] [DBG]. bash /root/OpAdviserPrivate/autotune/cli/run_job_mysql.sh /root/OpAdviserPrivate/autotune/cli/selectedList_job.txt /root/OpAdviserPrivate/autotune/job_query/queries-mysql-new ./log/1732441499.log /var/run/mysqld/mysqld.sock
[INFO] [2024-11-24 09:48:12,071] [autotune] internal metrics: [4698810.628571428, 14858802.371428572, 2187154461.257143, 2196392.2285714285, 1.9714285714285715, 133503.17142857143, 134.05714285714285, 3725432773.4857144, 49152.0, 227382.37142857144, 3.0, 418506.9428571428, 9390.685714285713, 655280.0, 4678.857142857143, 0.0, 74428950.22857143, 128823.65714285715, 10737418240.0, 0.0, 1206.5142857142857, 0.0, 5250.571428571428, 0.0, 10.0, 0.0, 0.0, 0.0, 0.0, 0.0, 0.0, 0.0, 0.0, 123.54285714285714, 0.0, 0.0, 16384.0, 0.0, 554644.3428571429, 0.0, 0.0, 0.0, 0.0, 0.0, 2921904.8857142855, 0.0, 0.0, 0.0, 0.0, 0.0, 0.0, 0.0, 0.0, 0.0, 0.0, 0.0, 0.0, 0.0, 133500.54285714286, 134.05714285714285, 0.0, 0.0, 0.0, 0.0, 0.0].
[WARNING] [2024-11-24 09:48:12,122] [HistoryContainer] Repeated configuration detected!
[INFO] [2024-11-24 09:48:12,387] [DBTune-job_ddpg_26] Iteration 8, objective value: [-35.68421052631579].
[INFO] [2024-11-24 09:48:12,435] [autotune] innodb_max_undo_log_size with value of is smaller than min, adjusted
[INFO] [2024-11-24 09:48:12,435] [autotune] innodb_online_alter_log_max_size with value of is smaller than min, adjusted
[INFO] [2024-11-24 09:48:12,436] [autotune] max_binlog_cache_size with value of is smaller than min, adjusted
[INFO] [2024-11-24 09:48:12,436] [autotune] [step 9] generate knobs: {'host_cache_size': 0, 'innodb_adaptive_hash_index_parts': 1, 'innodb_api_bk_commit_interval': 1, 'innodb_commit_concurrency': 0, 'innodb_compression_failure_threshold_pct': 0, 'innodb_max_undo_log_size': 10485760, 'innodb_old_blocks_time': 0, 'innodb_online_alter_log_max_size': 65536, 'innodb_open_files': 10, 'innodb_stats_method': 'nulls_equal', 'innodb_stats_persistent': 'ON', 'innodb_stats_transient_sample_pages': 1, 'innodb_thread_concurrency': 0, 'max_binlog_cache_size': 4096, 'max_delayed_threads': 0, 'max_heap_table_size': 16384, 'max_length_for_sort_data': 4, 'max_sort_length': 4, 'optimizer_prune_level': 0, 'query_alloc_block_size': 1024, 'query_cache_min_res_unit': 512, 'range_alloc_block_size': 4096, 'read_rnd_buffer_size': 1, 'stored_program_cache': 16, 'table_open_cache': 1, 'tmp_table_size': 1024}

[INFO] [2024-11-24 09:48:17,609] [autotune] Close db successfully
[INFO] [2024-11-24 09:48:17,610] [autotune] mysql is shut down
[INFO] [2024-11-24 09:48:17,615] [autotune] generated config file done
[INFO] [2024-11-24 09:48:17,673] [autotune] wait for connection
[INFO] [2024-11-24 09:48:19,687] [autotune] Connected to MySQL db
[INFO] [2024-11-24 09:48:19,688] [autotune] finish 2 seconds waiting for connection
[INFO] [2024-11-24 09:48:19,688] [autotune] /usr/sbin/mysqld --defaults-file=scripts/template/experiment_normandy.cnf
[INFO] [2024-11-24 09:48:19,688] [autotune] mysql is up
[INFO] [2024-11-24 09:48:19,688] [autotune] sleeping for 5 seconds after restarting mysql
[INFO] [2024-11-24 09:48:25,305] [autotune] [DBG]. bash /root/OpAdviserPrivate/autotune/cli/run_job_mysql.sh /root/OpAdviserPrivate/autotune/cli/selectedList_job.txt /root/OpAdviserPrivate/autotune/job_query/queries-mysql-new ./log/1732441705.log /var/run/mysqld/mysqld.sock
[INFO] [2024-11-24 09:51:38,025] [autotune] internal metrics: [4837227.257142857, 15577045.714285715, 2197931856.457143, 2217925.4857142856, 1.9714285714285715, 134160.3142857143, 135.37142857142857, 3715322441.142857, 49152.0, 226765.22857142857, 3.0, 418837.0, 9717.685714285713, 655320.0, 4821.457142857143, 0.0, 77916070.25714286, 129338.85714285714, 10737418240.0, 0.0, 1206.5142857142857, 0.0, 5250.571428571428, 0.0, 10.0, 0.0, 0.0, 0.0, 0.0, 0.0, 0.0, 0.0, 0.0, 118.28571428571429, 0.0, 0.0, 16384.0, 0.0, 548688.6571428571, 0.0, 0.0, 0.0, 0.0, 0.0, 3004013.5714285714, 0.0, 0.0, 0.0, 0.0, 0.0, 0.0, 0.0, 0.0, 0.0, 0.0, 0.0, 0.0, 0.0, 134158.34285714285, 135.37142857142857, 0.0, 0.0, 0.0, 0.0, 0.0].
[WARNING] [2024-11-24 09:51:38,032] [HistoryContainer] Repeated configuration detected!
[INFO] [2024-11-24 09:51:38,219] [DBTune-job_ddpg_26] Iteration 9, objective value: [-35.68421052631579].
[INFO] [2024-11-24 09:51:38,290] [autotune] innodb_max_undo_log_size with value of is smaller than min, adjusted
[INFO] [2024-11-24 09:51:38,293] [autotune] innodb_online_alter_log_max_size with value of is smaller than min, adjusted
[INFO] [2024-11-24 09:51:38,294] [autotune] max_binlog_cache_size with value of is smaller than min, adjusted
[INFO] [2024-11-24 09:51:38,294] [autotune] [step 10] generate knobs: {'host_cache_size': 0, 'innodb_adaptive_hash_index_parts': 1, 'innodb_api_bk_commit_interval': 1, 'innodb_commit_concurrency': 0, 'innodb_compression_failure_threshold_pct': 0, 'innodb_max_undo_log_size': 10485760, 'innodb_old_blocks_time': 0, 'innodb_online_alter_log_max_size': 65536, 'innodb_open_files': 10, 'innodb_stats_method': 'nulls_equal', 'innodb_stats_persistent': 'ON', 'innodb_stats_transient_sample_pages': 1, 'innodb_thread_concurrency': 0, 'max_binlog_cache_size': 4096, 'max_delayed_threads': 0, 'max_heap_table_size': 16384, 'max_length_for_sort_data': 4, 'max_sort_length': 4, 'optimizer_prune_level': 0, 'query_alloc_block_size': 1024, 'query_cache_min_res_unit': 512, 'range_alloc_block_size': 4096, 'read_rnd_buffer_size': 1, 'stored_program_cache': 16, 'table_open_cache': 1, 'tmp_table_size': 1024}

[INFO] [2024-11-24 09:51:43,595] [autotune] Close db successfully
[INFO] [2024-11-24 09:51:43,597] [autotune] mysql is shut down
[INFO] [2024-11-24 09:51:43,600] [autotune] generated config file done
[INFO] [2024-11-24 09:51:43,639] [autotune] wait for connection
[INFO] [2024-11-24 09:51:45,652] [autotune] Connected to MySQL db
[INFO] [2024-11-24 09:51:45,653] [autotune] finish 2 seconds waiting for connection
[INFO] [2024-11-24 09:51:45,653] [autotune] /usr/sbin/mysqld --defaults-file=scripts/template/experiment_normandy.cnf
[INFO] [2024-11-24 09:51:45,654] [autotune] mysql is up
[INFO] [2024-11-24 09:51:45,654] [autotune] sleeping for 5 seconds after restarting mysql
[INFO] [2024-11-24 09:51:51,203] [autotune] [DBG]. bash /root/OpAdviserPrivate/autotune/cli/run_job_mysql.sh /root/OpAdviserPrivate/autotune/cli/selectedList_job.txt /root/OpAdviserPrivate/autotune/job_query/queries-mysql-new ./log/1732441911.log /var/run/mysqld/mysqld.sock
[INFO] [2024-11-24 09:55:04,472] [autotune] internal metrics: [4990532.771428571, 15660482.485714287, 2179284055.7714286, 2196392.2285714285, 1.9714285714285715, 133022.8, 134.05714285714285, 3826756110.6285715, 49152.0, 233566.65714285715, 3.0, 411480.9428571428, 10272.371428571429, 655320.0, 5049.4857142857145, 0.0, 78642485.82857142, 127960.17142857143, 10737418240.0, 0.0, 1206.5142857142857, 0.0, 5250.571428571428, 0.0, 10.0, 0.0, 0.0, 0.0, 0.0, 0.0, 0.0, 0.0, 0.0, 114.34285714285714, 0.0, 0.0, 16384.0, 0.0, 554127.1714285715, 0.0, 0.0, 0.0, 0.0, 0.0, 2922662.5714285714, 0.0, 0.0, 0.0, 0.0, 0.0, 0.0, 0.0, 0.0, 0.0, 0.0, 0.0, 0.0, 0.0, 133018.85714285713, 134.05714285714285, 0.0, 0.0, 0.0, 0.0, 0.0].
[WARNING] [2024-11-24 09:55:04,506] [HistoryContainer] Repeated configuration detected!
[INFO] [2024-11-24 09:55:04,704] [DBTune-job_ddpg_26] Iteration 10, objective value: [-35.68421052631579].
[INFO] [2024-11-24 09:55:04,815] [autotune] innodb_max_undo_log_size with value of is smaller than min, adjusted
[INFO] [2024-11-24 09:55:04,815] [autotune] innodb_online_alter_log_max_size with value of is smaller than min, adjusted
[INFO] [2024-11-24 09:55:04,816] [autotune] max_binlog_cache_size with value of is smaller than min, adjusted
[INFO] [2024-11-24 09:55:04,817] [autotune] [step 11] generate knobs: {'host_cache_size': 0, 'innodb_adaptive_hash_index_parts': 1, 'innodb_api_bk_commit_interval': 1, 'innodb_commit_concurrency': 0, 'innodb_compression_failure_threshold_pct': 0, 'innodb_max_undo_log_size': 10485760, 'innodb_old_blocks_time': 0, 'innodb_online_alter_log_max_size': 65536, 'innodb_open_files': 10, 'innodb_stats_method': 'nulls_equal', 'innodb_stats_persistent': 'ON', 'innodb_stats_transient_sample_pages': 1, 'innodb_thread_concurrency': 0, 'max_binlog_cache_size': 4096, 'max_delayed_threads': 0, 'max_heap_table_size': 16384, 'max_length_for_sort_data': 4, 'max_sort_length': 4, 'optimizer_prune_level': 0, 'query_alloc_block_size': 1024, 'query_cache_min_res_unit': 512, 'range_alloc_block_size': 4096, 'read_rnd_buffer_size': 1, 'stored_program_cache': 16, 'table_open_cache': 1, 'tmp_table_size': 1024}

[INFO] [2024-11-24 09:55:09,979] [autotune] Close db successfully
[INFO] [2024-11-24 09:55:09,980] [autotune] mysql is shut down
[INFO] [2024-11-24 09:55:09,984] [autotune] generated config file done
[INFO] [2024-11-24 09:55:10,038] [autotune] wait for connection
[INFO] [2024-11-24 09:55:12,047] [autotune] Connected to MySQL db
[INFO] [2024-11-24 09:55:12,047] [autotune] finish 2 seconds waiting for connection
[INFO] [2024-11-24 09:55:12,048] [autotune] /usr/sbin/mysqld --defaults-file=scripts/template/experiment_normandy.cnf
[INFO] [2024-11-24 09:55:12,048] [autotune] mysql is up
[INFO] [2024-11-24 09:55:12,048] [autotune] sleeping for 5 seconds after restarting mysql
[INFO] [2024-11-24 09:55:17,542] [autotune] [DBG]. bash /root/OpAdviserPrivate/autotune/cli/run_job_mysql.sh /root/OpAdviserPrivate/autotune/cli/selectedList_job.txt /root/OpAdviserPrivate/autotune/job_query/queries-mysql-new ./log/1732442117.log /var/run/mysqld/mysqld.sock
[INFO] [2024-11-24 09:58:30,576] [autotune] internal metrics: [4489761.657142857, 15275557.771428572, 2131006493.2571428, 2196392.2285714285, 1.9714285714285715, 130078.14285714286, 134.05714285714285, 3804361523.2, 49152.0, 232199.8, 3.0, 413557.6, 9562.6, 655320.0, 4677.542857142857, 0.0, 75700346.2, 125399.28571428571, 10737418240.0, 0.0, 1206.5142857142857, 0.0, 5250.571428571428, 0.0, 10.0, 0.0, 0.0, 0.0, 0.0, 0.0, 0.0, 0.0, 0.0, 85.42857142857143, 0.0, 0.0, 16384.0, 0.0, 532872.5428571429, 0.0, 0.0, 0.0, 0.0, 0.0, 3020272.6, 0.0, 0.0, 0.0, 0.0, 0.0, 0.0, 0.0, 0.0, 0.0, 0.0, 0.0, 0.0, 0.0, 130056.45714285714, 134.05714285714285, 0.0, 0.0, 0.0, 0.0, 0.0].
[WARNING] [2024-11-24 09:58:30,617] [HistoryContainer] Repeated configuration detected!
[INFO] [2024-11-24 09:58:30,897] [DDPG_Optimizer] Save model_params to job_ddpg_26_10
[INFO] [2024-11-24 09:58:30,901] [DBTune-job_ddpg_26] Iteration 11, objective value: [-35.68421052631579].
[INFO] [2024-11-24 09:58:30,984] [autotune] innodb_max_undo_log_size with value of is smaller than min, adjusted
[INFO] [2024-11-24 09:58:30,984] [autotune] innodb_online_alter_log_max_size with value of is smaller than min, adjusted
[INFO] [2024-11-24 09:58:30,985] [autotune] max_binlog_cache_size with value of is smaller than min, adjusted
[INFO] [2024-11-24 09:58:30,985] [autotune] [step 12] generate knobs: {'host_cache_size': 0, 'innodb_adaptive_hash_index_parts': 1, 'innodb_api_bk_commit_interval': 1, 'innodb_commit_concurrency': 0, 'innodb_compression_failure_threshold_pct': 0, 'innodb_max_undo_log_size': 10485760, 'innodb_old_blocks_time': 0, 'innodb_online_alter_log_max_size': 65536, 'innodb_open_files': 10, 'innodb_stats_method': 'nulls_equal', 'innodb_stats_persistent': 'ON', 'innodb_stats_transient_sample_pages': 1, 'innodb_thread_concurrency': 0, 'max_binlog_cache_size': 4096, 'max_delayed_threads': 0, 'max_heap_table_size': 16384, 'max_length_for_sort_data': 4, 'max_sort_length': 4, 'optimizer_prune_level': 0, 'query_alloc_block_size': 1024, 'query_cache_min_res_unit': 512, 'range_alloc_block_size': 4096, 'read_rnd_buffer_size': 1, 'stored_program_cache': 16, 'table_open_cache': 1, 'tmp_table_size': 1024}

[INFO] [2024-11-24 09:58:36,336] [autotune] Close db successfully
[INFO] [2024-11-24 09:58:36,337] [autotune] mysql is shut down
[INFO] [2024-11-24 09:58:36,339] [autotune] generated config file done
[INFO] [2024-11-24 09:58:36,381] [autotune] wait for connection
[INFO] [2024-11-24 09:58:38,394] [autotune] Connected to MySQL db
[INFO] [2024-11-24 09:58:38,395] [autotune] finish 2 seconds waiting for connection
[INFO] [2024-11-24 09:58:38,395] [autotune] /usr/sbin/mysqld --defaults-file=scripts/template/experiment_normandy.cnf
[INFO] [2024-11-24 09:58:38,395] [autotune] mysql is up
[INFO] [2024-11-24 09:58:38,396] [autotune] sleeping for 5 seconds after restarting mysql
[INFO] [2024-11-24 09:58:43,905] [autotune] [DBG]. bash /root/OpAdviserPrivate/autotune/cli/run_job_mysql.sh /root/OpAdviserPrivate/autotune/cli/selectedList_job.txt /root/OpAdviserPrivate/autotune/job_query/queries-mysql-new ./log/1732442323.log /var/run/mysqld/mysqld.sock
[INFO] [2024-11-24 10:01:57,451] [autotune] internal metrics: [5039934.8, 15625382.514285713, 2189372386.742857, 2196392.2285714285, 1.9714285714285715, 133637.22857142857, 134.05714285714285, 3799359253.9428573, 49152.0, 231894.48571428572, 3.0, 413349.9428571428, 10035.542857142857, 655280.0, 4925.285714285715, 0.0, 78586237.02857143, 128707.34285714285, 10737418240.0, 0.0, 1206.5142857142857, 0.0, 5250.571428571428, 0.0, 10.0, 0.0, 0.0, 0.0, 0.0, 0.0, 0.0, 0.0, 0.0, 126.17142857142858, 0.0, 0.0, 16384.0, 0.0, 560374.6285714286, 0.0, 0.0, 0.0, 0.0, 0.0, 2921019.714285714, 0.0, 0.0, 0.0, 0.0, 0.0, 0.0, 0.0, 0.0, 0.0, 0.0, 0.0, 0.0, 0.0, 133635.91428571427, 134.05714285714285, 0.0, 0.0, 0.0, 0.0, 0.0].
[WARNING] [2024-11-24 10:01:57,488] [HistoryContainer] Repeated configuration detected!
[INFO] [2024-11-24 10:01:57,693] [DBTune-job_ddpg_26] Iteration 12, objective value: [-35.68421052631579].
[INFO] [2024-11-24 10:01:57,746] [autotune] innodb_max_undo_log_size with value of is smaller than min, adjusted
[INFO] [2024-11-24 10:01:57,750] [autotune] innodb_online_alter_log_max_size with value of is smaller than min, adjusted
[INFO] [2024-11-24 10:01:57,750] [autotune] max_binlog_cache_size with value of is smaller than min, adjusted
[INFO] [2024-11-24 10:01:57,751] [autotune] [step 13] generate knobs: {'host_cache_size': 0, 'innodb_adaptive_hash_index_parts': 1, 'innodb_api_bk_commit_interval': 1, 'innodb_commit_concurrency': 0, 'innodb_compression_failure_threshold_pct': 0, 'innodb_max_undo_log_size': 10485760, 'innodb_old_blocks_time': 0, 'innodb_online_alter_log_max_size': 65536, 'innodb_open_files': 10, 'innodb_stats_method': 'nulls_equal', 'innodb_stats_persistent': 'ON', 'innodb_stats_transient_sample_pages': 1, 'innodb_thread_concurrency': 0, 'max_binlog_cache_size': 4096, 'max_delayed_threads': 0, 'max_heap_table_size': 16384, 'max_length_for_sort_data': 4, 'max_sort_length': 4, 'optimizer_prune_level': 0, 'query_alloc_block_size': 1024, 'query_cache_min_res_unit': 512, 'range_alloc_block_size': 4096, 'read_rnd_buffer_size': 1, 'stored_program_cache': 16, 'table_open_cache': 1, 'tmp_table_size': 1024}

[INFO] [2024-11-24 10:02:02,986] [autotune] Close db successfully
[INFO] [2024-11-24 10:02:02,988] [autotune] mysql is shut down
[INFO] [2024-11-24 10:02:02,991] [autotune] generated config file done
[INFO] [2024-11-24 10:02:03,030] [autotune] wait for connection
[INFO] [2024-11-24 10:02:05,041] [autotune] Connected to MySQL db
[INFO] [2024-11-24 10:02:05,042] [autotune] finish 2 seconds waiting for connection
[INFO] [2024-11-24 10:02:05,042] [autotune] /usr/sbin/mysqld --defaults-file=scripts/template/experiment_normandy.cnf
[INFO] [2024-11-24 10:02:05,043] [autotune] mysql is up
[INFO] [2024-11-24 10:02:05,043] [autotune] sleeping for 5 seconds after restarting mysql
[INFO] [2024-11-24 10:02:10,832] [autotune] [DBG]. bash /root/OpAdviserPrivate/autotune/cli/run_job_mysql.sh /root/OpAdviserPrivate/autotune/cli/selectedList_job.txt /root/OpAdviserPrivate/autotune/job_query/queries-mysql-new ./log/1732442530.log /var/run/mysqld/mysqld.sock
[INFO] [2024-11-24 10:05:22,544] [autotune] internal metrics: [4926919.371428572, 15617615.742857143, 2193097640.2285714, 2196392.2285714285, 1.9714285714285715, 133869.2, 134.05714285714285, 3849311261.257143, 49152.0, 234943.3142857143, 3.0, 410171.5714285714, 10165.085714285715, 655280.0, 4854.971428571429, 0.0, 78321211.31428571, 129013.57142857143, 10737418240.0, 0.0, 1206.5142857142857, 0.0, 5250.571428571428, 0.0, 10.0, 0.0, 0.0, 0.0, 0.0, 0.0, 0.0, 0.0, 0.0, 103.17142857142858, 0.0, 0.0, 16384.0, 0.0, 551455.2285714286, 0.0, 0.0, 0.0, 0.0, 0.0, 2954007.6285714284, 0.0, 0.0, 0.0, 0.0, 0.0, 0.0, 0.0, 0.0, 0.0, 0.0, 0.0, 0.0, 0.0, 133865.25714285715, 134.05714285714285, 0.0, 0.0, 0.0, 0.0, 0.0].
[WARNING] [2024-11-24 10:05:22,552] [HistoryContainer] Repeated configuration detected!
[INFO] [2024-11-24 10:05:22,769] [DBTune-job_ddpg_26] Iteration 13, objective value: [-35.68421052631579].
[INFO] [2024-11-24 10:05:22,864] [autotune] innodb_max_undo_log_size with value of is smaller than min, adjusted
[INFO] [2024-11-24 10:05:22,865] [autotune] innodb_online_alter_log_max_size with value of is smaller than min, adjusted
[INFO] [2024-11-24 10:05:22,865] [autotune] max_binlog_cache_size with value of is smaller than min, adjusted
[INFO] [2024-11-24 10:05:22,865] [autotune] [step 14] generate knobs: {'host_cache_size': 0, 'innodb_adaptive_hash_index_parts': 1, 'innodb_api_bk_commit_interval': 1, 'innodb_commit_concurrency': 0, 'innodb_compression_failure_threshold_pct': 0, 'innodb_max_undo_log_size': 10485760, 'innodb_old_blocks_time': 0, 'innodb_online_alter_log_max_size': 65536, 'innodb_open_files': 10, 'innodb_stats_method': 'nulls_equal', 'innodb_stats_persistent': 'ON', 'innodb_stats_transient_sample_pages': 1, 'innodb_thread_concurrency': 0, 'max_binlog_cache_size': 4096, 'max_delayed_threads': 0, 'max_heap_table_size': 16384, 'max_length_for_sort_data': 4, 'max_sort_length': 4, 'optimizer_prune_level': 0, 'query_alloc_block_size': 1024, 'query_cache_min_res_unit': 512, 'range_alloc_block_size': 4096, 'read_rnd_buffer_size': 1, 'stored_program_cache': 16, 'table_open_cache': 1, 'tmp_table_size': 1024}

[INFO] [2024-11-24 10:05:27,169] [autotune] Close db successfully
[INFO] [2024-11-24 10:05:27,173] [autotune] mysql is shut down
[INFO] [2024-11-24 10:05:27,179] [autotune] generated config file done
[INFO] [2024-11-24 10:05:27,243] [autotune] wait for connection
[INFO] [2024-11-24 10:05:29,259] [autotune] Connected to MySQL db
[INFO] [2024-11-24 10:05:29,260] [autotune] finish 2 seconds waiting for connection
[INFO] [2024-11-24 10:05:29,260] [autotune] /usr/sbin/mysqld --defaults-file=scripts/template/experiment_normandy.cnf
[INFO] [2024-11-24 10:05:29,260] [autotune] mysql is up
[INFO] [2024-11-24 10:05:29,260] [autotune] sleeping for 5 seconds after restarting mysql
[INFO] [2024-11-24 10:05:35,098] [autotune] [DBG]. bash /root/OpAdviserPrivate/autotune/cli/run_job_mysql.sh /root/OpAdviserPrivate/autotune/cli/selectedList_job.txt /root/OpAdviserPrivate/autotune/job_query/queries-mysql-new ./log/1732442735.log /var/run/mysqld/mysqld.sock
[INFO] [2024-11-24 10:08:46,869] [autotune] internal metrics: [4937750.4, 15266252.628571428, 2207288056.6857142, 2196392.2285714285, 1.9714285714285715, 134733.34285714285, 134.05714285714285, 3725973913.6, 49152.0, 227415.37142857144, 3.0, 418098.54285714286, 9766.028571428571, 655280.0, 5025.171428571429, 0.0, 76879602.2, 129704.88571428572, 10737418240.0, 0.0, 1206.5142857142857, 0.0, 5250.571428571428, 0.0, 10.0, 0.0, 0.0, 0.0, 0.0, 0.0, 0.0, 0.0, 0.0, 118.28571428571429, 0.0, 0.0, 16384.0, 0.0, 545449.6, 0.0, 0.0, 0.0, 0.0, 0.0, 2965706.742857143, 0.0, 0.0, 0.0, 0.0, 0.0, 0.0, 0.0, 0.0, 0.0, 0.0, 0.0, 0.0, 0.0, 134730.7142857143, 134.05714285714285, 0.0, 0.0, 0.0, 0.0, 0.0].
[WARNING] [2024-11-24 10:08:46,871] [HistoryContainer] Repeated configuration detected!
[INFO] [2024-11-24 10:08:47,055] [DBTune-job_ddpg_26] Iteration 14, objective value: [-35.68421052631579].
[INFO] [2024-11-24 10:08:47,139] [autotune] innodb_max_undo_log_size with value of is smaller than min, adjusted
[INFO] [2024-11-24 10:08:47,140] [autotune] innodb_online_alter_log_max_size with value of is smaller than min, adjusted
[INFO] [2024-11-24 10:08:47,140] [autotune] max_binlog_cache_size with value of is smaller than min, adjusted
[INFO] [2024-11-24 10:08:47,140] [autotune] [step 15] generate knobs: {'host_cache_size': 0, 'innodb_adaptive_hash_index_parts': 1, 'innodb_api_bk_commit_interval': 1, 'innodb_commit_concurrency': 0, 'innodb_compression_failure_threshold_pct': 0, 'innodb_max_undo_log_size': 10485760, 'innodb_old_blocks_time': 0, 'innodb_online_alter_log_max_size': 65536, 'innodb_open_files': 10, 'innodb_stats_method': 'nulls_equal', 'innodb_stats_persistent': 'ON', 'innodb_stats_transient_sample_pages': 1, 'innodb_thread_concurrency': 0, 'max_binlog_cache_size': 4096, 'max_delayed_threads': 0, 'max_heap_table_size': 16384, 'max_length_for_sort_data': 4, 'max_sort_length': 4, 'optimizer_prune_level': 0, 'query_alloc_block_size': 1024, 'query_cache_min_res_unit': 512, 'range_alloc_block_size': 4096, 'read_rnd_buffer_size': 1, 'stored_program_cache': 16, 'table_open_cache': 1, 'tmp_table_size': 1024}

[INFO] [2024-11-24 10:08:52,515] [autotune] Close db successfully
[INFO] [2024-11-24 10:08:52,515] [autotune] mysql is shut down
[INFO] [2024-11-24 10:08:52,520] [autotune] generated config file done
[INFO] [2024-11-24 10:08:52,591] [autotune] wait for connection
[INFO] [2024-11-24 10:08:54,602] [autotune] Connected to MySQL db
[INFO] [2024-11-24 10:08:54,602] [autotune] finish 2 seconds waiting for connection
[INFO] [2024-11-24 10:08:54,602] [autotune] /usr/sbin/mysqld --defaults-file=scripts/template/experiment_normandy.cnf
[INFO] [2024-11-24 10:08:54,603] [autotune] mysql is up
[INFO] [2024-11-24 10:08:54,603] [autotune] sleeping for 5 seconds after restarting mysql
[INFO] [2024-11-24 10:09:00,407] [autotune] [DBG]. bash /root/OpAdviserPrivate/autotune/cli/run_job_mysql.sh /root/OpAdviserPrivate/autotune/cli/selectedList_job.txt /root/OpAdviserPrivate/autotune/job_query/queries-mysql-new ./log/1732442940.log /var/run/mysqld/mysqld.sock
[INFO] [2024-11-24 10:12:12,518] [autotune] internal metrics: [4569950.171428571, 15095810.142857144, 2196725994.0571427, 2217925.4857142856, 1.9714285714285715, 134095.91428571427, 135.37142857142857, 3705320243.2, 49152.0, 226154.8, 3.0, 419858.5714285714, 9306.57142857143, 655320.0, 4908.857142857143, 0.0, 75150256.51428571, 129186.4, 10737418240.0, 0.0, 1206.5142857142857, 0.0, 5250.571428571428, 0.0, 10.0, 0.0, 0.0, 0.0, 0.0, 0.0, 0.0, 0.0, 0.0, 113.02857142857142, 0.0, 0.0, 16384.0, 0.0, 521418.54285714286, 0.0, 0.0, 0.0, 0.0, 0.0, 3002355.6, 0.0, 0.0, 0.0, 0.0, 0.0, 0.0, 0.0, 0.0, 0.0, 0.0, 0.0, 0.0, 0.0, 134091.3142857143, 135.37142857142857, 0.0, 0.0, 0.0, 0.0, 0.0].
[WARNING] [2024-11-24 10:12:12,521] [HistoryContainer] Repeated configuration detected!
[INFO] [2024-11-24 10:12:12,711] [DBTune-job_ddpg_26] Iteration 15, objective value: [-35.68421052631579].
[INFO] [2024-11-24 10:12:12,806] [autotune] innodb_max_undo_log_size with value of is smaller than min, adjusted
[INFO] [2024-11-24 10:12:12,811] [autotune] innodb_online_alter_log_max_size with value of is smaller than min, adjusted
[INFO] [2024-11-24 10:12:12,811] [autotune] max_binlog_cache_size with value of is smaller than min, adjusted
[INFO] [2024-11-24 10:12:12,812] [autotune] [step 16] generate knobs: {'host_cache_size': 0, 'innodb_adaptive_hash_index_parts': 1, 'innodb_api_bk_commit_interval': 1, 'innodb_commit_concurrency': 0, 'innodb_compression_failure_threshold_pct': 0, 'innodb_max_undo_log_size': 10485760, 'innodb_old_blocks_time': 0, 'innodb_online_alter_log_max_size': 65536, 'innodb_open_files': 10, 'innodb_stats_method': 'nulls_equal', 'innodb_stats_persistent': 'ON', 'innodb_stats_transient_sample_pages': 1, 'innodb_thread_concurrency': 0, 'max_binlog_cache_size': 4096, 'max_delayed_threads': 0, 'max_heap_table_size': 16384, 'max_length_for_sort_data': 4, 'max_sort_length': 4, 'optimizer_prune_level': 0, 'query_alloc_block_size': 1024, 'query_cache_min_res_unit': 512, 'range_alloc_block_size': 4096, 'read_rnd_buffer_size': 1, 'stored_program_cache': 16, 'table_open_cache': 1, 'tmp_table_size': 1024}

[INFO] [2024-11-24 10:12:17,228] [autotune] Close db successfully
[INFO] [2024-11-24 10:12:17,229] [autotune] mysql is shut down
[INFO] [2024-11-24 10:12:17,233] [autotune] generated config file done
[INFO] [2024-11-24 10:12:17,284] [autotune] wait for connection
[INFO] [2024-11-24 10:12:19,294] [autotune] Connected to MySQL db
[INFO] [2024-11-24 10:12:19,295] [autotune] finish 2 seconds waiting for connection
[INFO] [2024-11-24 10:12:19,295] [autotune] /usr/sbin/mysqld --defaults-file=scripts/template/experiment_normandy.cnf
[INFO] [2024-11-24 10:12:19,295] [autotune] mysql is up
[INFO] [2024-11-24 10:12:19,295] [autotune] sleeping for 5 seconds after restarting mysql
[INFO] [2024-11-24 10:12:25,067] [autotune] [DBG]. bash /root/OpAdviserPrivate/autotune/cli/run_job_mysql.sh /root/OpAdviserPrivate/autotune/cli/selectedList_job.txt /root/OpAdviserPrivate/autotune/job_query/queries-mysql-new ./log/1732443145.log /var/run/mysqld/mysqld.sock
[INFO] [2024-11-24 10:15:36,154] [autotune] internal metrics: [4637336.885714286, 15458276.342857143, 2166848599.7714286, 2196392.2285714285, 1.9714285714285715, 132265.77142857143, 134.05714285714285, 3777051267.6571426, 49152.0, 230532.91428571427, 3.0, 415043.8, 9703.285714285714, 655280.0, 4518.5142857142855, 0.0, 76660575.82857142, 127744.62857142858, 10737418240.0, 0.0, 1206.5142857142857, 0.0, 5250.571428571428, 0.0, 10.0, 0.0, 0.0, 0.0, 0.0, 0.0, 0.0, 0.0, 0.0, 93.97142857142858, 0.0, 0.0, 16384.0, 0.0, 544909.4285714285, 0.0, 0.0, 0.0, 0.0, 0.0, 3006113.8, 0.0, 0.0, 0.0, 0.0, 0.0, 0.0, 0.0, 0.0, 0.0, 0.0, 0.0, 0.0, 0.0, 132264.45714285714, 134.05714285714285, 0.0, 0.0, 0.0, 0.0, 0.0].
[WARNING] [2024-11-24 10:15:36,156] [HistoryContainer] Repeated configuration detected!
[INFO] [2024-11-24 10:15:36,870] [DDPG_Optimizer] Save model_params to job_ddpg_26_15
[INFO] [2024-11-24 10:15:36,871] [DBTune-job_ddpg_26] Iteration 16, objective value: [-35.68421052631579].
[INFO] [2024-11-24 10:15:36,943] [autotune] innodb_max_undo_log_size with value of is smaller than min, adjusted
[INFO] [2024-11-24 10:15:36,945] [autotune] innodb_online_alter_log_max_size with value of is smaller than min, adjusted
[INFO] [2024-11-24 10:15:36,945] [autotune] max_binlog_cache_size with value of is smaller than min, adjusted
[INFO] [2024-11-24 10:15:36,945] [autotune] [step 17] generate knobs: {'host_cache_size': 0, 'innodb_adaptive_hash_index_parts': 1, 'innodb_api_bk_commit_interval': 1, 'innodb_commit_concurrency': 0, 'innodb_compression_failure_threshold_pct': 0, 'innodb_max_undo_log_size': 10485760, 'innodb_old_blocks_time': 0, 'innodb_online_alter_log_max_size': 65536, 'innodb_open_files': 10, 'innodb_stats_method': 'nulls_equal', 'innodb_stats_persistent': 'ON', 'innodb_stats_transient_sample_pages': 1, 'innodb_thread_concurrency': 0, 'max_binlog_cache_size': 4096, 'max_delayed_threads': 0, 'max_heap_table_size': 16384, 'max_length_for_sort_data': 4, 'max_sort_length': 4, 'optimizer_prune_level': 0, 'query_alloc_block_size': 1024, 'query_cache_min_res_unit': 512, 'range_alloc_block_size': 4096, 'read_rnd_buffer_size': 1, 'stored_program_cache': 16, 'table_open_cache': 1, 'tmp_table_size': 1024}

[INFO] [2024-11-24 10:15:42,174] [autotune] Close db successfully
[INFO] [2024-11-24 10:15:42,175] [autotune] mysql is shut down
[INFO] [2024-11-24 10:15:42,178] [autotune] generated config file done
[INFO] [2024-11-24 10:15:42,236] [autotune] wait for connection
[INFO] [2024-11-24 10:15:44,251] [autotune] Connected to MySQL db
[INFO] [2024-11-24 10:15:44,252] [autotune] finish 2 seconds waiting for connection
[INFO] [2024-11-24 10:15:44,252] [autotune] /usr/sbin/mysqld --defaults-file=scripts/template/experiment_normandy.cnf
[INFO] [2024-11-24 10:15:44,252] [autotune] mysql is up
[INFO] [2024-11-24 10:15:44,253] [autotune] sleeping for 5 seconds after restarting mysql
[INFO] [2024-11-24 10:15:49,650] [autotune] [DBG]. bash /root/OpAdviserPrivate/autotune/cli/run_job_mysql.sh /root/OpAdviserPrivate/autotune/cli/selectedList_job.txt /root/OpAdviserPrivate/autotune/job_query/queries-mysql-new ./log/1732443349.log /var/run/mysqld/mysqld.sock
[INFO] [2024-11-24 10:19:01,596] [autotune] internal metrics: [4903051.285714285, 15427227.0, 2213909533.257143, 2196392.2285714285, 1.9714285714285715, 135133.54285714286, 134.05714285714285, 3665081139.2, 49152.0, 223698.8, 3.0, 422101.6285714286, 9519.57142857143, 655320.0, 5045.542857142857, 0.0, 77561454.28571428, 130087.34285714285, 10737418240.0, 0.0, 1206.5142857142857, 0.0, 5250.571428571428, 0.0, 10.0, 0.0, 0.0, 0.0, 0.0, 0.0, 0.0, 0.0, 0.0, 123.54285714285714, 0.0, 0.0, 16384.0, 0.0, 545632.9428571429, 0.0, 0.0, 0.0, 0.0, 0.0, 2973892.7714285715, 0.0, 0.0, 0.0, 0.0, 0.0, 0.0, 0.0, 0.0, 0.0, 0.0, 0.0, 0.0, 0.0, 135132.22857142857, 134.05714285714285, 0.0, 0.0, 0.0, 0.0, 0.0].
[WARNING] [2024-11-24 10:19:01,602] [HistoryContainer] Repeated configuration detected!
[INFO] [2024-11-24 10:19:01,799] [DBTune-job_ddpg_26] Iteration 17, objective value: [-35.68421052631579].
[INFO] [2024-11-24 10:19:01,895] [autotune] innodb_max_undo_log_size with value of is smaller than min, adjusted
[INFO] [2024-11-24 10:19:01,896] [autotune] innodb_online_alter_log_max_size with value of is smaller than min, adjusted
[INFO] [2024-11-24 10:19:01,896] [autotune] max_binlog_cache_size with value of is smaller than min, adjusted
[INFO] [2024-11-24 10:19:01,896] [autotune] [step 18] generate knobs: {'host_cache_size': 0, 'innodb_adaptive_hash_index_parts': 1, 'innodb_api_bk_commit_interval': 1, 'innodb_commit_concurrency': 0, 'innodb_compression_failure_threshold_pct': 0, 'innodb_max_undo_log_size': 10485760, 'innodb_old_blocks_time': 0, 'innodb_online_alter_log_max_size': 65536, 'innodb_open_files': 10, 'innodb_stats_method': 'nulls_equal', 'innodb_stats_persistent': 'ON', 'innodb_stats_transient_sample_pages': 1, 'innodb_thread_concurrency': 0, 'max_binlog_cache_size': 4096, 'max_delayed_threads': 0, 'max_heap_table_size': 16384, 'max_length_for_sort_data': 4, 'max_sort_length': 4, 'optimizer_prune_level': 0, 'query_alloc_block_size': 1024, 'query_cache_min_res_unit': 512, 'range_alloc_block_size': 4096, 'read_rnd_buffer_size': 1, 'stored_program_cache': 16, 'table_open_cache': 1, 'tmp_table_size': 1024}

[INFO] [2024-11-24 10:19:07,018] [autotune] Close db successfully
[INFO] [2024-11-24 10:19:07,019] [autotune] mysql is shut down
[INFO] [2024-11-24 10:19:07,022] [autotune] generated config file done
[INFO] [2024-11-24 10:19:07,063] [autotune] wait for connection
[INFO] [2024-11-24 10:19:09,079] [autotune] Connected to MySQL db
[INFO] [2024-11-24 10:19:09,079] [autotune] finish 2 seconds waiting for connection
[INFO] [2024-11-24 10:19:09,080] [autotune] /usr/sbin/mysqld --defaults-file=scripts/template/experiment_normandy.cnf
[INFO] [2024-11-24 10:19:09,080] [autotune] mysql is up
[INFO] [2024-11-24 10:19:09,080] [autotune] sleeping for 5 seconds after restarting mysql
[INFO] [2024-11-24 10:19:14,614] [autotune] [DBG]. bash /root/OpAdviserPrivate/autotune/cli/run_job_mysql.sh /root/OpAdviserPrivate/autotune/cli/selectedList_job.txt /root/OpAdviserPrivate/autotune/job_query/queries-mysql-new ./log/1732443554.log /var/run/mysqld/mysqld.sock
[INFO] [2024-11-24 10:22:27,990] [autotune] internal metrics: [4910229.914285715, 15469355.771428572, 2178724191.0857143, 2196392.2285714285, 1.9714285714285715, 132987.3142857143, 134.05714285714285, 3795463138.742857, 49152.0, 231656.6857142857, 3.0, 413651.02857142856, 9972.257142857143, 655280.0, 4803.057142857143, 0.0, 77732503.31428571, 128182.28571428571, 10737418240.0, 0.0, 1206.5142857142857, 0.0, 5250.571428571428, 0.0, 10.0, 0.0, 0.0, 0.0, 0.0, 0.0, 0.0, 0.0, 0.0, 112.37142857142857, 0.0, 0.0, 16384.0, 0.0, 551852.1428571428, 0.0, 0.0, 0.0, 0.0, 0.0, 2945260.4, 0.0, 0.0, 0.0, 0.0, 0.0, 0.0, 0.0, 0.0, 0.0, 0.0, 0.0, 0.0, 0.0, 132942.62857142856, 134.05714285714285, 0.0, 0.0, 0.0, 0.0, 0.0].
[WARNING] [2024-11-24 10:22:28,000] [HistoryContainer] Repeated configuration detected!
[WARNING] [2024-11-24 23:10:05,001] [HistoryContainer] Repeated configuration detected!
[WARNING] [2024-11-24 23:10:05,016] [HistoryContainer] Repeated configuration detected!
[WARNING] [2024-11-24 23:10:05,027] [HistoryContainer] Repeated configuration detected!
[WARNING] [2024-11-24 23:10:05,037] [HistoryContainer] Repeated configuration detected!
[WARNING] [2024-11-24 23:10:05,039] [HistoryContainer] Repeated configuration detected!
[WARNING] [2024-11-24 23:10:05,048] [HistoryContainer] Repeated configuration detected!
[WARNING] [2024-11-24 23:10:05,050] [HistoryContainer] Repeated configuration detected!
[WARNING] [2024-11-24 23:10:05,055] [HistoryContainer] Repeated configuration detected!
[WARNING] [2024-11-24 23:10:05,071] [HistoryContainer] Repeated configuration detected!
[WARNING] [2024-11-24 23:10:05,075] [HistoryContainer] Repeated configuration detected!
[WARNING] [2024-11-24 23:10:05,083] [HistoryContainer] Repeated configuration detected!
[WARNING] [2024-11-24 23:10:05,084] [HistoryContainer] Repeated configuration detected!
[WARNING] [2024-11-24 23:10:05,101] [HistoryContainer] Repeated configuration detected!
[WARNING] [2024-11-24 23:10:05,102] [HistoryContainer] Repeated configuration detected!
[WARNING] [2024-11-24 23:10:05,112] [HistoryContainer] Repeated configuration detected!
[INFO] [2024-11-24 23:10:05,112] [DBTune-job_ddpg_26] Load 17 iterations from repo/history_job_ddpg_26.json
[INFO] [2024-11-24 23:10:06,045] [DDPG_Optimizer] Load state mean and var.
[INFO] [2024-11-24 23:10:10,391] [DDPG] Finish Initializing Networks
[INFO] [2024-11-24 23:10:10,399] [DDPG] DDPG Initialzed!
[INFO] [2024-11-24 23:10:10,432] [DDPG_Optimizer] New Episode-1, initialize
[INFO] [2024-11-24 23:10:11,177] [DDPG_Optimizer] Save model_params to job_ddpg_26_5
[INFO] [2024-11-24 23:10:12,043] [DDPG_Optimizer] Save model_params to job_ddpg_26_10
[INFO] [2024-11-24 23:10:12,893] [DDPG_Optimizer] Save model_params to job_ddpg_26_15
[INFO] [2024-11-24 23:10:13,080] [autotune] innodb_max_undo_log_size with value of is smaller than min, adjusted
[INFO] [2024-11-24 23:10:13,081] [autotune] innodb_online_alter_log_max_size with value of is smaller than min, adjusted
[INFO] [2024-11-24 23:10:13,081] [autotune] max_binlog_cache_size with value of is smaller than min, adjusted
[INFO] [2024-11-24 23:10:13,081] [autotune] [step 1] generate knobs: {'host_cache_size': 0, 'innodb_adaptive_hash_index_parts': 1, 'innodb_api_bk_commit_interval': 1, 'innodb_commit_concurrency': 0, 'innodb_compression_failure_threshold_pct': 0, 'innodb_max_undo_log_size': 10485760, 'innodb_old_blocks_time': 0, 'innodb_online_alter_log_max_size': 65536, 'innodb_open_files': 10, 'innodb_stats_method': 'nulls_equal', 'innodb_stats_persistent': 'ON', 'innodb_stats_transient_sample_pages': 1, 'innodb_thread_concurrency': 0, 'max_binlog_cache_size': 4096, 'max_delayed_threads': 0, 'max_heap_table_size': 16384, 'max_length_for_sort_data': 4, 'max_sort_length': 4, 'optimizer_prune_level': 0, 'query_alloc_block_size': 1024, 'query_cache_min_res_unit': 512, 'range_alloc_block_size': 4096, 'read_rnd_buffer_size': 1, 'stored_program_cache': 16, 'table_open_cache': 1, 'tmp_table_size': 1024}

[INFO] [2024-11-24 23:10:18,435] [autotune] Close db successfully
[INFO] [2024-11-24 23:10:18,436] [autotune] mysql is shut down
[INFO] [2024-11-24 23:10:18,440] [autotune] generated config file done
[INFO] [2024-11-24 23:10:18,499] [autotune] wait for connection
[INFO] [2024-11-24 23:10:20,511] [autotune] Connected to MySQL db
[INFO] [2024-11-24 23:10:20,512] [autotune] finish 2 seconds waiting for connection
[INFO] [2024-11-24 23:10:20,512] [autotune] /usr/sbin/mysqld --defaults-file=scripts/template/experiment_normandy.cnf
[INFO] [2024-11-24 23:10:20,512] [autotune] mysql is up
[INFO] [2024-11-24 23:10:20,513] [autotune] sleeping for 5 seconds after restarting mysql
[INFO] [2024-11-24 23:10:25,963] [autotune] [DBG]. bash /root/OpAdviserPrivate/autotune/cli/run_job_mysql.sh /root/OpAdviserPrivate/autotune/cli/selectedList_job.txt /root/OpAdviserPrivate/autotune/job_query/queries-mysql-new ./log/1732489825.log /var/run/mysqld/mysqld.sock
[INFO] [2024-11-24 23:13:37,699] [autotune] internal metrics: [4612901.685714286, 15144827.085714286, 1993215180.8, 2196392.2285714285, 1.9714285714285715, 121659.4857142857, 134.05714285714285, 3736627258.5142856, 49152.0, 228065.62857142856, 3.0, 417984.45714285714, 9269.914285714285, 655320.0, 4582.914285714286, 0.0, 75561035.2, 117075.25714285714, 10737418240.0, 0.0, 1206.5142857142857, 0.0, 5250.571428571428, 0.0, 10.0, 0.0, 0.0, 0.0, 0.0, 0.0, 0.0, 0.0, 0.0, 109.74285714285715, 0.0, 0.0, 16384.0, 0.0, 540343.6, 0.0, 0.0, 0.0, 0.0, 0.0, 2938990.6, 0.0, 0.0, 0.0, 0.0, 0.0, 0.0, 0.0, 0.0, 0.0, 0.0, 0.0, 0.0, 0.0, 121655.54285714286, 134.05714285714285, 0.0, 0.0, 0.0, 0.0, 0.0].
[WARNING] [2024-11-24 23:13:37,701] [HistoryContainer] Repeated configuration detected!
