[INFO] [2024-11-26 05:56:18,251] [DBTune-ycsb_ddpg_26] Start new DBTune task
[INFO] [2024-11-26 05:56:18,518] [DDPG_Optimizer] Load state mean and var.
[INFO] [2024-11-26 05:56:20,876] [DDPG] Finish Initializing Networks
[INFO] [2024-11-26 05:56:20,877] [DDPG] DDPG Initialzed!
[INFO] [2024-11-26 05:56:20,883] [autotune] [step 1] generate knobs: {'binlog_cache_size': 32768, 'binlog_format': 'ROW', 'completion_type': 'NO_CHAIN', 'default_week_format': 0, 'div_precision_increment': 4, 'innodb_adaptive_flushing_lwm': 10, 'innodb_buffer_pool_size': 13958643712, 'innodb_compression_pad_pct_max': 50, 'innodb_file_per_table': 'ON', 'innodb_io_capacity_max': 400, 'innodb_log_file_size': 50331648, 'innodb_online_alter_log_max_size': 134217000, 'innodb_purge_rseg_truncate_frequency': 128, 'innodb_thread_concurrency': 0, 'join_buffer_size': 262144, 'local_infile': 'ON', 'log_syslog_include_pid': 'ON', 'lower_case_table_names': 0, 'max_allowed_packet': 4194304, 'max_length_for_sort_data': 1024, 'net_read_timeout': 30, 'net_write_timeout': 60, 'query_cache_limit': 1048576, 'table_definition_cache': 1400, 'tmp_table_size': 16777216, 'transaction_alloc_block_size': 8192}

[INFO] [2024-11-26 05:56:20,920] [autotune] mysql is shut down
[INFO] [2024-11-26 05:56:20,924] [autotune] generated config file done
[INFO] [2024-11-26 05:56:20,943] [autotune] wait for connection
[INFO] [2024-11-26 05:56:58,574] [autotune] Connected to MySQL db
[INFO] [2024-11-26 05:56:58,576] [autotune] finish 1 seconds waiting for connection
[INFO] [2024-11-26 05:56:58,577] [autotune] /usr/sbin/mysqld --defaults-file=scripts/template/experiment_normandy.cnf
[INFO] [2024-11-26 05:56:58,577] [autotune] mysql is up
[INFO] [2024-11-26 05:56:58,579] [autotune] sleeping for 5 seconds after restarting mysql
[INFO] [2024-11-26 05:59:48,532] [DBTune-ycsb_ddpg_26] Start new DBTune task
[INFO] [2024-11-26 05:59:48,712] [DDPG_Optimizer] Load state mean and var.
[INFO] [2024-11-26 05:59:50,961] [DDPG] Finish Initializing Networks
[INFO] [2024-11-26 05:59:50,962] [DDPG] DDPG Initialzed!
[INFO] [2024-11-26 05:59:50,969] [autotune] [step 1] generate knobs: {'binlog_cache_size': 32768, 'binlog_format': 'ROW', 'completion_type': 'NO_CHAIN', 'default_week_format': 0, 'div_precision_increment': 4, 'innodb_adaptive_flushing_lwm': 10, 'innodb_buffer_pool_size': 13958643712, 'innodb_compression_pad_pct_max': 50, 'innodb_file_per_table': 'ON', 'innodb_io_capacity_max': 400, 'innodb_log_file_size': 50331648, 'innodb_online_alter_log_max_size': 134217000, 'innodb_purge_rseg_truncate_frequency': 128, 'innodb_thread_concurrency': 0, 'join_buffer_size': 262144, 'local_infile': 'ON', 'log_syslog_include_pid': 'ON', 'lower_case_table_names': 0, 'max_allowed_packet': 4194304, 'max_length_for_sort_data': 1024, 'net_read_timeout': 30, 'net_write_timeout': 60, 'query_cache_limit': 1048576, 'table_definition_cache': 1400, 'tmp_table_size': 16777216, 'transaction_alloc_block_size': 8192}

[INFO] [2024-11-26 05:59:51,004] [autotune] mysql is shut down
[INFO] [2024-11-26 05:59:51,008] [autotune] generated config file done
[INFO] [2024-11-26 05:59:51,029] [autotune] wait for connection
[INFO] [2024-11-26 05:59:56,941] [autotune] Connected to MySQL db
[INFO] [2024-11-26 05:59:56,944] [autotune] finish 1 seconds waiting for connection
[INFO] [2024-11-26 05:59:56,945] [autotune] /usr/sbin/mysqld --defaults-file=scripts/template/experiment_normandy.cnf
[INFO] [2024-11-26 05:59:56,945] [autotune] mysql is up
[INFO] [2024-11-26 05:59:56,946] [autotune] sleeping for 5 seconds after restarting mysql
[INFO] [2024-11-26 06:00:08,956] [autotune] [DBG]. bash /root/OpAdviserPrivate/autotune/cli/run_oltpbench.sh ycsb /oltpbench/config/sample_ycsb_config.xml 1732600808
