[INFO] [2024-12-02 01:10:54,165] [DBTune-voter_mbo_67] Start new DBTune task
[INFO] [2024-12-02 01:10:54,529] [BO_Optimizer] === [BO auto selection] === acq_type: ei.
[INFO] [2024-12-02 01:10:54,542] [autotune] max_join_size with value of is larger than max, adjusted
[INFO] [2024-12-02 01:10:54,542] [autotune] [step 1] generate knobs: {'autocommit': 'ON', 'binlog_cache_size': 32768, 'binlog_format': 'ROW', 'binlog_order_commits': 'ON', 'binlog_row_image': 'full', 'check_proxy_users': 'OFF', 'default_week_format': 0, 'delay_key_write': 'ON', 'flush_time': 0, 'ft_min_word_len': 4, 'innodb_adaptive_flushing': 'ON', 'innodb_adaptive_max_sleep_delay': 150000, 'innodb_api_enable_binlog': 'OFF', 'innodb_change_buffer_max_size': 25, 'innodb_commit_concurrency': 0, 'innodb_compression_pad_pct_max': 50, 'innodb_disable_sort_file_cache': 'OFF', 'innodb_doublewrite': 'ON', 'innodb_flush_log_at_trx_commit': '1', 'innodb_flush_sync': 'ON', 'innodb_ft_cache_size': 8000000, 'innodb_ft_enable_diag_print': 'OFF', 'innodb_ft_min_token_size': 3, 'innodb_io_capacity_max': 400, 'innodb_log_file_size': 50331648, 'innodb_log_files_in_group': 2, 'innodb_log_write_ahead_size': 8192, 'innodb_max_dirty_pages_pct_lwm': 0, 'innodb_online_alter_log_max_size': 134217000, 'innodb_page_cleaners': 4, 'innodb_purge_batch_size': 300, 'innodb_purge_rseg_truncate_frequency': 128, 'innodb_rollback_on_timeout': 'OFF', 'innodb_stats_auto_recalc': 'ON', 'innodb_stats_include_delete_marked': 'OFF', 'innodb_stats_on_metadata': 'OFF', 'innodb_stats_transient_sample_pages': 8, 'innodb_strict_mode': 'ON', 'innodb_sync_array_size': 1, 'innodb_table_locks': 'ON', 'innodb_thread_concurrency': 0, 'join_buffer_size': 262144, 'keep_files_on_create': 'OFF', 'key_cache_age_threshold': 300, 'log_bin_use_v1_row_events': 'OFF', 'log_builtin_as_identified_by_password': 'OFF', 'log_statements_unsafe_for_binlog': 'ON', 'log_syslog_include_pid': 'ON', 'lower_case_table_names': 0, 'max_allowed_packet': 4194304, 'max_digest_length': 1024, 'max_error_count': 64, 'max_heap_table_size': 16777216, 'max_join_size': 18446744073709551615, 'offline_mode': 'OFF', 'old_passwords': '0', 'query_cache_limit': 1048576, 'query_cache_wlock_invalidate': 'OFF', 'query_prealloc_size': 8192, 'session_track_gtids': 'OFF', 'show_compatibility_56': 'OFF', 'skip_name_resolve': 'OFF', 'slow_query_log': 'OFF', 'tmp_table_size': 16777216, 'transaction_alloc_block_size': 8192, 'transaction_prealloc_size': 4096, 'updatable_views_with_limit': 'YES'}

[INFO] [2024-12-02 01:10:56,583] [autotune] Close db successfully
[INFO] [2024-12-02 01:10:56,584] [autotune] mysql is shut down
[INFO] [2024-12-02 01:10:56,588] [autotune] generated config file done
[INFO] [2024-12-02 01:10:56,617] [autotune] wait for connection
[INFO] [2024-12-02 01:10:59,633] [autotune] Connected to MySQL db
[INFO] [2024-12-02 01:10:59,633] [autotune] finish 3 seconds waiting for connection
[INFO] [2024-12-02 01:10:59,634] [autotune] /usr/sbin/mysqld --defaults-file=scripts/template/experiment_normandy.cnf
[INFO] [2024-12-02 01:10:59,634] [autotune] mysql is up
[INFO] [2024-12-02 01:10:59,634] [autotune] sleeping for 5 seconds after restarting mysql
[INFO] [2024-12-02 01:11:04,920] [autotune] [DBG]. bash /root/OpAdviserPrivate/autotune/cli/run_oltpbench.sh voter /oltpbench/config/sample_voter_config.xml 1733101864
[INFO] [2024-12-02 01:14:00,348] [DBTune-voter_mbo_67] Iteration 1, objective value: [2147483647].
[INFO] [2024-12-02 01:14:00,351] [autotune] [step 2] generate knobs: {'autocommit': 'ON', 'binlog_cache_size': 1016983991, 'binlog_format': 'MIXED', 'binlog_order_commits': 'OFF', 'binlog_row_image': 'noblob', 'check_proxy_users': 'OFF', 'default_week_format': 7, 'delay_key_write': 'OFF', 'flush_time': 9, 'ft_min_word_len': 7, 'innodb_adaptive_flushing': 'OFF', 'innodb_adaptive_max_sleep_delay': 730821, 'innodb_api_enable_binlog': 'OFF', 'innodb_change_buffer_max_size': 49, 'innodb_commit_concurrency': 145, 'innodb_compression_pad_pct_max': 55, 'innodb_disable_sort_file_cache': 'ON', 'innodb_doublewrite': 'OFF', 'innodb_flush_log_at_trx_commit': '0', 'innodb_flush_sync': 'ON', 'innodb_ft_cache_size': 25801981, 'innodb_ft_enable_diag_print': 'ON', 'innodb_ft_min_token_size': 10, 'innodb_io_capacity_max': 14045, 'innodb_log_file_size': 126225167, 'innodb_log_files_in_group': 3, 'innodb_log_write_ahead_size': 4088, 'innodb_max_dirty_pages_pct_lwm': 25, 'innodb_online_alter_log_max_size': 15691059234178126000, 'innodb_page_cleaners': 5, 'innodb_purge_batch_size': 2617, 'innodb_purge_rseg_truncate_frequency': 15, 'innodb_rollback_on_timeout': 'OFF', 'innodb_stats_auto_recalc': 'OFF', 'innodb_stats_include_delete_marked': 'OFF', 'innodb_stats_on_metadata': 'ON', 'innodb_stats_transient_sample_pages': 7, 'innodb_strict_mode': 'OFF', 'innodb_sync_array_size': 563, 'innodb_table_locks': 'OFF', 'innodb_thread_concurrency': 81, 'join_buffer_size': 492096636, 'keep_files_on_create': 'ON', 'key_cache_age_threshold': 12916, 'log_bin_use_v1_row_events': 'ON', 'log_builtin_as_identified_by_password': 'OFF', 'log_statements_unsafe_for_binlog': 'OFF', 'log_syslog_include_pid': 'OFF', 'lower_case_table_names': 0, 'max_allowed_packet': 104757871, 'max_digest_length': 903859, 'max_error_count': 30157, 'max_heap_table_size': 804541368, 'max_join_size': 5360394346751601000, 'offline_mode': 'ON', 'old_passwords': '2', 'query_cache_limit': 15023785, 'query_cache_wlock_invalidate': 'ON', 'query_prealloc_size': 61642563, 'session_track_gtids': 'ALL_GTIDS', 'show_compatibility_56': 'ON', 'skip_name_resolve': 'ON', 'slow_query_log': 'OFF', 'tmp_table_size': 364833958, 'transaction_alloc_block_size': 114444, 'transaction_prealloc_size': 71880, 'updatable_views_with_limit': 'NO'}

[INFO] [2024-12-02 01:14:02,396] [autotune] Close db successfully
[INFO] [2024-12-02 01:14:02,397] [autotune] mysql is shut down
[INFO] [2024-12-02 01:14:02,401] [autotune] generated config file done
[INFO] [2024-12-02 01:14:02,431] [autotune] wait for connection
[INFO] [2024-12-02 01:14:07,448] [autotune] Connected to MySQL db
[INFO] [2024-12-02 01:14:07,449] [autotune] finish 5 seconds waiting for connection
[INFO] [2024-12-02 01:14:07,449] [autotune] /usr/sbin/mysqld --defaults-file=scripts/template/experiment_normandy.cnf
[INFO] [2024-12-02 01:14:07,449] [autotune] mysql is up
[INFO] [2024-12-02 01:14:07,450] [autotune] sleeping for 5 seconds after restarting mysql
[INFO] [2024-12-02 01:14:12,960] [autotune] [DBG]. bash /root/OpAdviserPrivate/autotune/cli/run_oltpbench.sh voter /oltpbench/config/sample_voter_config.xml 1733102052
[INFO] [2024-12-02 01:17:08,380] [DBTune-voter_mbo_67] Iteration 2, objective value: [2147483647].
[INFO] [2024-12-02 01:17:08,386] [autotune] [step 3] generate knobs: {'autocommit': 'OFF', 'binlog_cache_size': 4091028656, 'binlog_format': 'STATEMENT', 'binlog_order_commits': 'OFF', 'binlog_row_image': 'noblob', 'check_proxy_users': 'OFF', 'default_week_format': 5, 'delay_key_write': 'OFF', 'flush_time': 2, 'ft_min_word_len': 4, 'innodb_adaptive_flushing': 'OFF', 'innodb_adaptive_max_sleep_delay': 796441, 'innodb_api_enable_binlog': 'OFF', 'innodb_change_buffer_max_size': 20, 'innodb_commit_concurrency': 664, 'innodb_compression_pad_pct_max': 8, 'innodb_disable_sort_file_cache': 'OFF', 'innodb_doublewrite': 'OFF', 'innodb_flush_log_at_trx_commit': '2', 'innodb_flush_sync': 'OFF', 'innodb_ft_cache_size': 18887889, 'innodb_ft_enable_diag_print': 'ON', 'innodb_ft_min_token_size': 0, 'innodb_io_capacity_max': 11032, 'innodb_log_file_size': 1026306822, 'innodb_log_files_in_group': 10, 'innodb_log_write_ahead_size': 6104, 'innodb_max_dirty_pages_pct_lwm': 4, 'innodb_online_alter_log_max_size': 3303710617305220000, 'innodb_page_cleaners': 4, 'innodb_purge_batch_size': 4739, 'innodb_purge_rseg_truncate_frequency': 19, 'innodb_rollback_on_timeout': 'ON', 'innodb_stats_auto_recalc': 'OFF', 'innodb_stats_include_delete_marked': 'ON', 'innodb_stats_on_metadata': 'OFF', 'innodb_stats_transient_sample_pages': 99, 'innodb_strict_mode': 'ON', 'innodb_sync_array_size': 490, 'innodb_table_locks': 'ON', 'innodb_thread_concurrency': 342, 'join_buffer_size': 673954373, 'keep_files_on_create': 'ON', 'key_cache_age_threshold': 19035, 'log_bin_use_v1_row_events': 'ON', 'log_builtin_as_identified_by_password': 'ON', 'log_statements_unsafe_for_binlog': 'ON', 'log_syslog_include_pid': 'ON', 'lower_case_table_names': 2, 'max_allowed_packet': 886847488, 'max_digest_length': 730398, 'max_error_count': 60560, 'max_heap_table_size': 880819227, 'max_join_size': 10364557534900724000, 'offline_mode': 'OFF', 'old_passwords': '2', 'query_cache_limit': 124326993, 'query_cache_wlock_invalidate': 'OFF', 'query_prealloc_size': 19939218, 'session_track_gtids': 'OWN_GTID', 'show_compatibility_56': 'OFF', 'skip_name_resolve': 'OFF', 'slow_query_log': 'ON', 'tmp_table_size': 410302611, 'transaction_alloc_block_size': 18225, 'transaction_prealloc_size': 26603, 'updatable_views_with_limit': 'YES'}

[INFO] [2024-12-02 01:17:10,428] [autotune] Close db successfully
[INFO] [2024-12-02 01:17:10,429] [autotune] mysql is shut down
[INFO] [2024-12-02 01:17:10,434] [autotune] generated config file done
[INFO] [2024-12-02 01:17:10,467] [autotune] wait for connection
[INFO] [2024-12-02 01:17:41,525] [autotune] 2002: Can't connect to local MySQL server through socket '/var/run/mysqld/mysqld.sock' (2 No such file or directory)
[INFO] [2024-12-02 01:17:42,528] [autotune] 2002: Can't connect to local MySQL server through socket '/var/run/mysqld/mysqld.sock' (2 No such file or directory)
[INFO] [2024-12-02 01:17:43,530] [autotune] 2002: Can't connect to local MySQL server through socket '/var/run/mysqld/mysqld.sock' (2 No such file or directory)
[INFO] [2024-12-02 01:17:44,532] [autotune] 2002: Can't connect to local MySQL server through socket '/var/run/mysqld/mysqld.sock' (2 No such file or directory)
[INFO] [2024-12-02 01:17:45,534] [autotune] 2002: Can't connect to local MySQL server through socket '/var/run/mysqld/mysqld.sock' (2 No such file or directory)
[INFO] [2024-12-02 01:17:46,537] [autotune] 2002: Can't connect to local MySQL server through socket '/var/run/mysqld/mysqld.sock' (2 No such file or directory)
[INFO] [2024-12-02 01:17:47,539] [autotune] 2002: Can't connect to local MySQL server through socket '/var/run/mysqld/mysqld.sock' (2 No such file or directory)
[INFO] [2024-12-02 01:17:48,546] [autotune] 2002: Can't connect to local MySQL server through socket '/var/run/mysqld/mysqld.sock' (2 No such file or directory)
[INFO] [2024-12-02 01:17:49,549] [autotune] 2002: Can't connect to local MySQL server through socket '/var/run/mysqld/mysqld.sock' (2 No such file or directory)
[INFO] [2024-12-02 01:17:50,553] [autotune] 2002: Can't connect to local MySQL server through socket '/var/run/mysqld/mysqld.sock' (2 No such file or directory)
[INFO] [2024-12-02 01:17:51,561] [autotune] 2002: Can't connect to local MySQL server through socket '/var/run/mysqld/mysqld.sock' (2 No such file or directory)
[INFO] [2024-12-02 01:17:52,570] [autotune] Connected to MySQL db
[INFO] [2024-12-02 01:17:52,570] [autotune] finish 42 seconds waiting for connection
[INFO] [2024-12-02 01:17:52,571] [autotune] /usr/sbin/mysqld --defaults-file=scripts/template/experiment_normandy.cnf
[INFO] [2024-12-02 01:17:52,571] [autotune] mysql is up
[INFO] [2024-12-02 01:17:52,571] [autotune] sleeping for 5 seconds after restarting mysql
[INFO] [2024-12-02 01:17:57,958] [autotune] [DBG]. bash /root/OpAdviserPrivate/autotune/cli/run_oltpbench.sh voter /oltpbench/config/sample_voter_config.xml 1733102277
[INFO] [2024-12-02 01:20:53,371] [DBTune-voter_mbo_67] Iteration 3, objective value: [2147483647].
[INFO] [2024-12-02 01:20:53,752] [autotune] [step 4] generate knobs: {'autocommit': 'ON', 'binlog_cache_size': 509855292, 'binlog_format': 'ROW', 'binlog_order_commits': 'OFF', 'binlog_row_image': 'full', 'check_proxy_users': 'ON', 'default_week_format': 0, 'delay_key_write': 'OFF', 'flush_time': 8, 'ft_min_word_len': 1, 'innodb_adaptive_flushing': 'OFF', 'innodb_adaptive_max_sleep_delay': 863466, 'innodb_api_enable_binlog': 'OFF', 'innodb_change_buffer_max_size': 5, 'innodb_commit_concurrency': 172, 'innodb_compression_pad_pct_max': 43, 'innodb_disable_sort_file_cache': 'ON', 'innodb_doublewrite': 'OFF', 'innodb_flush_log_at_trx_commit': '0', 'innodb_flush_sync': 'ON', 'innodb_ft_cache_size': 65789234, 'innodb_ft_enable_diag_print': 'OFF', 'innodb_ft_min_token_size': 13, 'innodb_io_capacity_max': 1367, 'innodb_log_file_size': 840634765, 'innodb_log_files_in_group': 4, 'innodb_log_write_ahead_size': 2802, 'innodb_max_dirty_pages_pct_lwm': 11, 'innodb_online_alter_log_max_size': 502672795453164000, 'innodb_page_cleaners': 5, 'innodb_purge_batch_size': 1092, 'innodb_purge_rseg_truncate_frequency': 127, 'innodb_rollback_on_timeout': 'ON', 'innodb_stats_auto_recalc': 'ON', 'innodb_stats_include_delete_marked': 'ON', 'innodb_stats_on_metadata': 'ON', 'innodb_stats_transient_sample_pages': 69, 'innodb_strict_mode': 'OFF', 'innodb_sync_array_size': 844, 'innodb_table_locks': 'ON', 'innodb_thread_concurrency': 76, 'join_buffer_size': 961948329, 'keep_files_on_create': 'OFF', 'key_cache_age_threshold': 10940, 'log_bin_use_v1_row_events': 'ON', 'log_builtin_as_identified_by_password': 'ON', 'log_statements_unsafe_for_binlog': 'ON', 'log_syslog_include_pid': 'OFF', 'lower_case_table_names': 0, 'max_allowed_packet': 90934352, 'max_digest_length': 489363, 'max_error_count': 31597, 'max_heap_table_size': 902921459, 'max_join_size': 4081133612541656000, 'offline_mode': 'ON', 'old_passwords': '2', 'query_cache_limit': 108502382, 'query_cache_wlock_invalidate': 'OFF', 'query_prealloc_size': 102260238, 'session_track_gtids': 'OFF', 'show_compatibility_56': 'ON', 'skip_name_resolve': 'ON', 'slow_query_log': 'ON', 'tmp_table_size': 219309102, 'transaction_alloc_block_size': 3203, 'transaction_prealloc_size': 89353, 'updatable_views_with_limit': 'NO'}

[INFO] [2024-12-02 01:20:56,783] [autotune] Close db successfully
[INFO] [2024-12-02 01:20:56,784] [autotune] mysql is shut down
[INFO] [2024-12-02 01:20:56,788] [autotune] generated config file done
[INFO] [2024-12-02 01:20:56,821] [autotune] wait for connection
[INFO] [2024-12-02 01:21:13,860] [autotune] Connected to MySQL db
[INFO] [2024-12-02 01:21:13,861] [autotune] finish 17 seconds waiting for connection
[INFO] [2024-12-02 01:21:13,861] [autotune] /usr/sbin/mysqld --defaults-file=scripts/template/experiment_normandy.cnf
[INFO] [2024-12-02 01:21:13,861] [autotune] mysql is up
[INFO] [2024-12-02 01:21:13,861] [autotune] sleeping for 5 seconds after restarting mysql
[INFO] [2024-12-02 01:21:19,147] [autotune] [DBG]. bash /root/OpAdviserPrivate/autotune/cli/run_oltpbench.sh voter /oltpbench/config/sample_voter_config.xml 1733102479
[INFO] [2024-12-02 01:24:14,516] [DBTune-voter_mbo_67] Iteration 4, objective value: [2147483647].
[INFO] [2024-12-02 01:24:14,522] [autotune] [step 5] generate knobs: {'autocommit': 'OFF', 'binlog_cache_size': 3801039470, 'binlog_format': 'MIXED', 'binlog_order_commits': 'OFF', 'binlog_row_image': 'minimal', 'check_proxy_users': 'ON', 'default_week_format': 3, 'delay_key_write': 'ALL', 'flush_time': 3, 'ft_min_word_len': 5, 'innodb_adaptive_flushing': 'ON', 'innodb_adaptive_max_sleep_delay': 661655, 'innodb_api_enable_binlog': 'ON', 'innodb_change_buffer_max_size': 31, 'innodb_commit_concurrency': 886, 'innodb_compression_pad_pct_max': 46, 'innodb_disable_sort_file_cache': 'OFF', 'innodb_doublewrite': 'OFF', 'innodb_flush_log_at_trx_commit': '2', 'innodb_flush_sync': 'ON', 'innodb_ft_cache_size': 69815752, 'innodb_ft_enable_diag_print': 'OFF', 'innodb_ft_min_token_size': 0, 'innodb_io_capacity_max': 7500, 'innodb_log_file_size': 414861930, 'innodb_log_files_in_group': 10, 'innodb_log_write_ahead_size': 1623, 'innodb_max_dirty_pages_pct_lwm': 0, 'innodb_online_alter_log_max_size': 971842917121204000, 'innodb_page_cleaners': 1, 'innodb_purge_batch_size': 188, 'innodb_purge_rseg_truncate_frequency': 62, 'innodb_rollback_on_timeout': 'OFF', 'innodb_stats_auto_recalc': 'OFF', 'innodb_stats_include_delete_marked': 'OFF', 'innodb_stats_on_metadata': 'ON', 'innodb_stats_transient_sample_pages': 40, 'innodb_strict_mode': 'OFF', 'innodb_sync_array_size': 428, 'innodb_table_locks': 'ON', 'innodb_thread_concurrency': 523, 'join_buffer_size': 786270900, 'keep_files_on_create': 'ON', 'key_cache_age_threshold': 3403, 'log_bin_use_v1_row_events': 'OFF', 'log_builtin_as_identified_by_password': 'OFF', 'log_statements_unsafe_for_binlog': 'OFF', 'log_syslog_include_pid': 'OFF', 'lower_case_table_names': 0, 'max_allowed_packet': 250835197, 'max_digest_length': 44137, 'max_error_count': 1171, 'max_heap_table_size': 1060559042, 'max_join_size': 7891021519634182000, 'offline_mode': 'ON', 'old_passwords': '0', 'query_cache_limit': 91220714, 'query_cache_wlock_invalidate': 'OFF', 'query_prealloc_size': 128368299, 'session_track_gtids': 'OFF', 'show_compatibility_56': 'ON', 'skip_name_resolve': 'ON', 'slow_query_log': 'ON', 'tmp_table_size': 631955713, 'transaction_alloc_block_size': 128775, 'transaction_prealloc_size': 116013, 'updatable_views_with_limit': 'NO'}

[INFO] [2024-12-02 01:24:17,573] [autotune] Close db successfully
[INFO] [2024-12-02 01:24:17,573] [autotune] mysql is shut down
[INFO] [2024-12-02 01:24:17,578] [autotune] generated config file done
[INFO] [2024-12-02 01:24:17,604] [autotune] wait for connection
[INFO] [2024-12-02 01:24:37,646] [autotune] Connected to MySQL db
[INFO] [2024-12-02 01:24:37,646] [autotune] finish 20 seconds waiting for connection
[INFO] [2024-12-02 01:24:37,647] [autotune] /usr/sbin/mysqld --defaults-file=scripts/template/experiment_normandy.cnf
[INFO] [2024-12-02 01:24:37,647] [autotune] mysql is up
[INFO] [2024-12-02 01:24:37,647] [autotune] sleeping for 5 seconds after restarting mysql
[INFO] [2024-12-02 01:24:43,216] [autotune] [DBG]. bash /root/OpAdviserPrivate/autotune/cli/run_oltpbench.sh voter /oltpbench/config/sample_voter_config.xml 1733102683
[INFO] [2024-12-02 01:27:38,626] [DBTune-voter_mbo_67] Iteration 5, objective value: [2147483647].
[INFO] [2024-12-02 01:27:38,633] [autotune] [step 6] generate knobs: {'autocommit': 'ON', 'binlog_cache_size': 2572023052, 'binlog_format': 'ROW', 'binlog_order_commits': 'OFF', 'binlog_row_image': 'minimal', 'check_proxy_users': 'OFF', 'default_week_format': 3, 'delay_key_write': 'ALL', 'flush_time': 5, 'ft_min_word_len': 8, 'innodb_adaptive_flushing': 'ON', 'innodb_adaptive_max_sleep_delay': 281038, 'innodb_api_enable_binlog': 'ON', 'innodb_change_buffer_max_size': 20, 'innodb_commit_concurrency': 655, 'innodb_compression_pad_pct_max': 19, 'innodb_disable_sort_file_cache': 'OFF', 'innodb_doublewrite': 'ON', 'innodb_flush_log_at_trx_commit': '0', 'innodb_flush_sync': 'ON', 'innodb_ft_cache_size': 63263355, 'innodb_ft_enable_diag_print': 'OFF', 'innodb_ft_min_token_size': 11, 'innodb_io_capacity_max': 35280, 'innodb_log_file_size': 874940412, 'innodb_log_files_in_group': 8, 'innodb_log_write_ahead_size': 2264, 'innodb_max_dirty_pages_pct_lwm': 28, 'innodb_online_alter_log_max_size': 5714914487011034000, 'innodb_page_cleaners': 2, 'innodb_purge_batch_size': 2576, 'innodb_purge_rseg_truncate_frequency': 69, 'innodb_rollback_on_timeout': 'ON', 'innodb_stats_auto_recalc': 'ON', 'innodb_stats_include_delete_marked': 'ON', 'innodb_stats_on_metadata': 'OFF', 'innodb_stats_transient_sample_pages': 83, 'innodb_strict_mode': 'ON', 'innodb_sync_array_size': 848, 'innodb_table_locks': 'OFF', 'innodb_thread_concurrency': 914, 'join_buffer_size': 1023077341, 'keep_files_on_create': 'OFF', 'key_cache_age_threshold': 19003, 'log_bin_use_v1_row_events': 'ON', 'log_builtin_as_identified_by_password': 'OFF', 'log_statements_unsafe_for_binlog': 'OFF', 'log_syslog_include_pid': 'ON', 'lower_case_table_names': 0, 'max_allowed_packet': 342104466, 'max_digest_length': 947450, 'max_error_count': 5088, 'max_heap_table_size': 889996560, 'max_join_size': 6435885924153840000, 'offline_mode': 'ON', 'old_passwords': '2', 'query_cache_limit': 106634057, 'query_cache_wlock_invalidate': 'ON', 'query_prealloc_size': 112463487, 'session_track_gtids': 'ALL_GTIDS', 'show_compatibility_56': 'OFF', 'skip_name_resolve': 'ON', 'slow_query_log': 'OFF', 'tmp_table_size': 471599366, 'transaction_alloc_block_size': 80424, 'transaction_prealloc_size': 21879, 'updatable_views_with_limit': 'YES'}

[INFO] [2024-12-02 01:27:41,677] [autotune] Close db successfully
[INFO] [2024-12-02 01:27:41,678] [autotune] mysql is shut down
[INFO] [2024-12-02 01:27:41,682] [autotune] generated config file done
[INFO] [2024-12-02 01:27:41,708] [autotune] wait for connection
[INFO] [2024-12-02 01:28:12,780] [autotune] Connected to MySQL db
[INFO] [2024-12-02 01:28:12,781] [autotune] finish 31 seconds waiting for connection
[INFO] [2024-12-02 01:28:12,781] [autotune] /usr/sbin/mysqld --defaults-file=scripts/template/experiment_normandy.cnf
[INFO] [2024-12-02 01:28:12,782] [autotune] mysql is up
[INFO] [2024-12-02 01:28:12,782] [autotune] sleeping for 5 seconds after restarting mysql
[INFO] [2024-12-02 01:28:18,189] [autotune] [DBG]. bash /root/OpAdviserPrivate/autotune/cli/run_oltpbench.sh voter /oltpbench/config/sample_voter_config.xml 1733102898
[INFO] [2024-12-02 01:31:13,569] [DBTune-voter_mbo_67] Iteration 6, objective value: [2147483647].
[INFO] [2024-12-02 01:31:13,575] [autotune] [step 7] generate knobs: {'autocommit': 'ON', 'binlog_cache_size': 3235949296, 'binlog_format': 'ROW', 'binlog_order_commits': 'OFF', 'binlog_row_image': 'full', 'check_proxy_users': 'ON', 'default_week_format': 7, 'delay_key_write': 'ALL', 'flush_time': 6, 'ft_min_word_len': 1, 'innodb_adaptive_flushing': 'ON', 'innodb_adaptive_max_sleep_delay': 723150, 'innodb_api_enable_binlog': 'OFF', 'innodb_change_buffer_max_size': 20, 'innodb_commit_concurrency': 407, 'innodb_compression_pad_pct_max': 5, 'innodb_disable_sort_file_cache': 'ON', 'innodb_doublewrite': 'OFF', 'innodb_flush_log_at_trx_commit': '2', 'innodb_flush_sync': 'OFF', 'innodb_ft_cache_size': 64965641, 'innodb_ft_enable_diag_print': 'ON', 'innodb_ft_min_token_size': 11, 'innodb_io_capacity_max': 342, 'innodb_log_file_size': 112155714, 'innodb_log_files_in_group': 9, 'innodb_log_write_ahead_size': 11333, 'innodb_max_dirty_pages_pct_lwm': 11, 'innodb_online_alter_log_max_size': 15533494524360382000, 'innodb_page_cleaners': 2, 'innodb_purge_batch_size': 2392, 'innodb_purge_rseg_truncate_frequency': 19, 'innodb_rollback_on_timeout': 'OFF', 'innodb_stats_auto_recalc': 'ON', 'innodb_stats_include_delete_marked': 'OFF', 'innodb_stats_on_metadata': 'ON', 'innodb_stats_transient_sample_pages': 22, 'innodb_strict_mode': 'OFF', 'innodb_sync_array_size': 288, 'innodb_table_locks': 'OFF', 'innodb_thread_concurrency': 292, 'join_buffer_size': 163562759, 'keep_files_on_create': 'ON', 'key_cache_age_threshold': 27193, 'log_bin_use_v1_row_events': 'ON', 'log_builtin_as_identified_by_password': 'ON', 'log_statements_unsafe_for_binlog': 'ON', 'log_syslog_include_pid': 'ON', 'lower_case_table_names': 0, 'max_allowed_packet': 687706282, 'max_digest_length': 1026537, 'max_error_count': 39550, 'max_heap_table_size': 384210469, 'max_join_size': 11950122632671438000, 'offline_mode': 'OFF', 'old_passwords': '0', 'query_cache_limit': 119273803, 'query_cache_wlock_invalidate': 'ON', 'query_prealloc_size': 116358931, 'session_track_gtids': 'OWN_GTID', 'show_compatibility_56': 'OFF', 'skip_name_resolve': 'OFF', 'slow_query_log': 'OFF', 'tmp_table_size': 595559249, 'transaction_alloc_block_size': 83877, 'transaction_prealloc_size': 69465, 'updatable_views_with_limit': 'NO'}

[INFO] [2024-12-02 01:31:15,625] [autotune] Close db successfully
[INFO] [2024-12-02 01:31:15,627] [autotune] mysql is shut down
[INFO] [2024-12-02 01:31:15,631] [autotune] generated config file done
[INFO] [2024-12-02 01:31:15,657] [autotune] wait for connection
[INFO] [2024-12-02 01:31:24,681] [autotune] Connected to MySQL db
[INFO] [2024-12-02 01:31:24,681] [autotune] finish 9 seconds waiting for connection
[INFO] [2024-12-02 01:31:24,681] [autotune] /usr/sbin/mysqld --defaults-file=scripts/template/experiment_normandy.cnf
[INFO] [2024-12-02 01:31:24,681] [autotune] mysql is up
[INFO] [2024-12-02 01:31:24,682] [autotune] sleeping for 5 seconds after restarting mysql
[INFO] [2024-12-02 01:31:30,353] [autotune] [DBG]. bash /root/OpAdviserPrivate/autotune/cli/run_oltpbench.sh voter /oltpbench/config/sample_voter_config.xml 1733103090
[INFO] [2024-12-02 01:34:25,724] [DBTune-voter_mbo_67] Iteration 7, objective value: [2147483647].
[INFO] [2024-12-02 01:34:25,730] [autotune] [step 8] generate knobs: {'autocommit': 'ON', 'binlog_cache_size': 4043560804, 'binlog_format': 'MIXED', 'binlog_order_commits': 'ON', 'binlog_row_image': 'full', 'check_proxy_users': 'OFF', 'default_week_format': 7, 'delay_key_write': 'ON', 'flush_time': 0, 'ft_min_word_len': 1, 'innodb_adaptive_flushing': 'OFF', 'innodb_adaptive_max_sleep_delay': 38963, 'innodb_api_enable_binlog': 'OFF', 'innodb_change_buffer_max_size': 34, 'innodb_commit_concurrency': 71, 'innodb_compression_pad_pct_max': 24, 'innodb_disable_sort_file_cache': 'OFF', 'innodb_doublewrite': 'OFF', 'innodb_flush_log_at_trx_commit': '1', 'innodb_flush_sync': 'OFF', 'innodb_ft_cache_size': 65454329, 'innodb_ft_enable_diag_print': 'ON', 'innodb_ft_min_token_size': 8, 'innodb_io_capacity_max': 27747, 'innodb_log_file_size': 376756855, 'innodb_log_files_in_group': 10, 'innodb_log_write_ahead_size': 1134, 'innodb_max_dirty_pages_pct_lwm': 41, 'innodb_online_alter_log_max_size': 17848668159728552000, 'innodb_page_cleaners': 5, 'innodb_purge_batch_size': 2118, 'innodb_purge_rseg_truncate_frequency': 73, 'innodb_rollback_on_timeout': 'ON', 'innodb_stats_auto_recalc': 'ON', 'innodb_stats_include_delete_marked': 'ON', 'innodb_stats_on_metadata': 'OFF', 'innodb_stats_transient_sample_pages': 13, 'innodb_strict_mode': 'ON', 'innodb_sync_array_size': 796, 'innodb_table_locks': 'OFF', 'innodb_thread_concurrency': 867, 'join_buffer_size': 603299823, 'keep_files_on_create': 'OFF', 'key_cache_age_threshold': 12927, 'log_bin_use_v1_row_events': 'ON', 'log_builtin_as_identified_by_password': 'ON', 'log_statements_unsafe_for_binlog': 'ON', 'log_syslog_include_pid': 'ON', 'lower_case_table_names': 0, 'max_allowed_packet': 969108904, 'max_digest_length': 529796, 'max_error_count': 54162, 'max_heap_table_size': 343661783, 'max_join_size': 16519487808131532000, 'offline_mode': 'ON', 'old_passwords': '2', 'query_cache_limit': 1454604, 'query_cache_wlock_invalidate': 'ON', 'query_prealloc_size': 113702881, 'session_track_gtids': 'OFF', 'show_compatibility_56': 'ON', 'skip_name_resolve': 'OFF', 'slow_query_log': 'OFF', 'tmp_table_size': 726676483, 'transaction_alloc_block_size': 63775, 'transaction_prealloc_size': 65141, 'updatable_views_with_limit': 'NO'}

[INFO] [2024-12-02 01:34:27,775] [autotune] Close db successfully
[INFO] [2024-12-02 01:34:27,776] [autotune] mysql is shut down
[INFO] [2024-12-02 01:34:27,780] [autotune] generated config file done
[INFO] [2024-12-02 01:34:27,806] [autotune] wait for connection
[INFO] [2024-12-02 01:34:46,855] [autotune] Connected to MySQL db
[INFO] [2024-12-02 01:34:46,856] [autotune] finish 19 seconds waiting for connection
[INFO] [2024-12-02 01:34:46,856] [autotune] /usr/sbin/mysqld --defaults-file=scripts/template/experiment_normandy.cnf
[INFO] [2024-12-02 01:34:46,857] [autotune] mysql is up
[INFO] [2024-12-02 01:34:46,857] [autotune] sleeping for 5 seconds after restarting mysql
[INFO] [2024-12-02 01:34:52,235] [autotune] [DBG]. bash /root/OpAdviserPrivate/autotune/cli/run_oltpbench.sh voter /oltpbench/config/sample_voter_config.xml 1733103292
[INFO] [2024-12-02 01:37:47,789] [DBTune-voter_mbo_67] Iteration 8, objective value: [2147483647].
[INFO] [2024-12-02 01:37:47,794] [autotune] [step 9] generate knobs: {'autocommit': 'ON', 'binlog_cache_size': 1942263510, 'binlog_format': 'MIXED', 'binlog_order_commits': 'ON', 'binlog_row_image': 'noblob', 'check_proxy_users': 'ON', 'default_week_format': 1, 'delay_key_write': 'ON', 'flush_time': 5, 'ft_min_word_len': 4, 'innodb_adaptive_flushing': 'OFF', 'innodb_adaptive_max_sleep_delay': 311473, 'innodb_api_enable_binlog': 'ON', 'innodb_change_buffer_max_size': 29, 'innodb_commit_concurrency': 632, 'innodb_compression_pad_pct_max': 0, 'innodb_disable_sort_file_cache': 'ON', 'innodb_doublewrite': 'ON', 'innodb_flush_log_at_trx_commit': '2', 'innodb_flush_sync': 'ON', 'innodb_ft_cache_size': 76947913, 'innodb_ft_enable_diag_print': 'ON', 'innodb_ft_min_token_size': 9, 'innodb_io_capacity_max': 34440, 'innodb_log_file_size': 576476795, 'innodb_log_files_in_group': 3, 'innodb_log_write_ahead_size': 5267, 'innodb_max_dirty_pages_pct_lwm': 30, 'innodb_online_alter_log_max_size': 7329208080411710000, 'innodb_page_cleaners': 4, 'innodb_purge_batch_size': 3999, 'innodb_purge_rseg_truncate_frequency': 45, 'innodb_rollback_on_timeout': 'OFF', 'innodb_stats_auto_recalc': 'ON', 'innodb_stats_include_delete_marked': 'ON', 'innodb_stats_on_metadata': 'ON', 'innodb_stats_transient_sample_pages': 38, 'innodb_strict_mode': 'OFF', 'innodb_sync_array_size': 579, 'innodb_table_locks': 'OFF', 'innodb_thread_concurrency': 294, 'join_buffer_size': 766715264, 'keep_files_on_create': 'OFF', 'key_cache_age_threshold': 15779, 'log_bin_use_v1_row_events': 'OFF', 'log_builtin_as_identified_by_password': 'ON', 'log_statements_unsafe_for_binlog': 'OFF', 'log_syslog_include_pid': 'OFF', 'lower_case_table_names': 1, 'max_allowed_packet': 166688810, 'max_digest_length': 190765, 'max_error_count': 56477, 'max_heap_table_size': 1015884625, 'max_join_size': 6886341417744097000, 'offline_mode': 'OFF', 'old_passwords': '0', 'query_cache_limit': 86436156, 'query_cache_wlock_invalidate': 'OFF', 'query_prealloc_size': 107476448, 'session_track_gtids': 'ALL_GTIDS', 'show_compatibility_56': 'OFF', 'skip_name_resolve': 'OFF', 'slow_query_log': 'OFF', 'tmp_table_size': 930927598, 'transaction_alloc_block_size': 54081, 'transaction_prealloc_size': 72774, 'updatable_views_with_limit': 'YES'}

[INFO] [2024-12-02 01:37:49,839] [autotune] Close db successfully
[INFO] [2024-12-02 01:37:49,839] [autotune] mysql is shut down
[INFO] [2024-12-02 01:37:49,844] [autotune] generated config file done
[INFO] [2024-12-02 01:37:49,877] [autotune] wait for connection
[INFO] [2024-12-02 01:38:00,906] [autotune] Connected to MySQL db
[INFO] [2024-12-02 01:38:00,907] [autotune] finish 11 seconds waiting for connection
[INFO] [2024-12-02 01:38:00,907] [autotune] /usr/sbin/mysqld --defaults-file=scripts/template/experiment_normandy.cnf
[INFO] [2024-12-02 01:38:00,907] [autotune] mysql is up
[INFO] [2024-12-02 01:38:00,908] [autotune] sleeping for 5 seconds after restarting mysql
[INFO] [2024-12-02 01:38:06,208] [autotune] [DBG]. bash /root/OpAdviserPrivate/autotune/cli/run_oltpbench.sh voter /oltpbench/config/sample_voter_config.xml 1733103486
[INFO] [2024-12-02 01:40:11,468] [DBTune-voter_mbo_67] Iteration 9, objective value: [2147483647].
[INFO] [2024-12-02 01:40:11,478] [autotune] [step 10] generate knobs: {'autocommit': 'ON', 'binlog_cache_size': 393870033, 'binlog_format': 'ROW', 'binlog_order_commits': 'OFF', 'binlog_row_image': 'noblob', 'check_proxy_users': 'ON', 'default_week_format': 6, 'delay_key_write': 'ALL', 'flush_time': 8, 'ft_min_word_len': 1, 'innodb_adaptive_flushing': 'ON', 'innodb_adaptive_max_sleep_delay': 494420, 'innodb_api_enable_binlog': 'ON', 'innodb_change_buffer_max_size': 50, 'innodb_commit_concurrency': 55, 'innodb_compression_pad_pct_max': 56, 'innodb_disable_sort_file_cache': 'ON', 'innodb_doublewrite': 'ON', 'innodb_flush_log_at_trx_commit': '2', 'innodb_flush_sync': 'OFF', 'innodb_ft_cache_size': 77542313, 'innodb_ft_enable_diag_print': 'ON', 'innodb_ft_min_token_size': 12, 'innodb_io_capacity_max': 24767, 'innodb_log_file_size': 112349811, 'innodb_log_files_in_group': 2, 'innodb_log_write_ahead_size': 11638, 'innodb_max_dirty_pages_pct_lwm': 7, 'innodb_online_alter_log_max_size': 15160605955711426000, 'innodb_page_cleaners': 6, 'innodb_purge_batch_size': 407, 'innodb_purge_rseg_truncate_frequency': 11, 'innodb_rollback_on_timeout': 'ON', 'innodb_stats_auto_recalc': 'OFF', 'innodb_stats_include_delete_marked': 'OFF', 'innodb_stats_on_metadata': 'ON', 'innodb_stats_transient_sample_pages': 38, 'innodb_strict_mode': 'OFF', 'innodb_sync_array_size': 243, 'innodb_table_locks': 'ON', 'innodb_thread_concurrency': 986, 'join_buffer_size': 808933699, 'keep_files_on_create': 'OFF', 'key_cache_age_threshold': 21275, 'log_bin_use_v1_row_events': 'ON', 'log_builtin_as_identified_by_password': 'ON', 'log_statements_unsafe_for_binlog': 'OFF', 'log_syslog_include_pid': 'OFF', 'lower_case_table_names': 2, 'max_allowed_packet': 267066296, 'max_digest_length': 346295, 'max_error_count': 28472, 'max_heap_table_size': 272401388, 'max_join_size': 7474659192989850000, 'offline_mode': 'OFF', 'old_passwords': '2', 'query_cache_limit': 99451828, 'query_cache_wlock_invalidate': 'OFF', 'query_prealloc_size': 15781335, 'session_track_gtids': 'OFF', 'show_compatibility_56': 'ON', 'skip_name_resolve': 'ON', 'slow_query_log': 'ON', 'tmp_table_size': 626387869, 'transaction_alloc_block_size': 126153, 'transaction_prealloc_size': 49775, 'updatable_views_with_limit': 'YES'}

[INFO] [2024-12-02 01:40:14,527] [autotune] Close db successfully
[INFO] [2024-12-02 01:40:14,528] [autotune] mysql is shut down
[INFO] [2024-12-02 01:40:14,532] [autotune] generated config file done
[INFO] [2024-12-02 01:40:14,564] [autotune] wait for connection
[INFO] [2024-12-02 01:40:18,578] [autotune] Connected to MySQL db
[INFO] [2024-12-02 01:40:18,578] [autotune] finish 4 seconds waiting for connection
[INFO] [2024-12-02 01:40:18,579] [autotune] /usr/sbin/mysqld --defaults-file=scripts/template/experiment_normandy.cnf
[INFO] [2024-12-02 01:40:18,579] [autotune] mysql is up
[INFO] [2024-12-02 01:40:18,579] [autotune] sleeping for 5 seconds after restarting mysql
[INFO] [2024-12-02 01:40:24,163] [autotune] [DBG]. bash /root/OpAdviserPrivate/autotune/cli/run_oltpbench.sh voter /oltpbench/config/sample_voter_config.xml 1733103624
[INFO] [2024-12-02 01:43:19,547] [DBTune-voter_mbo_67] Iteration 10, objective value: [2147483647].
